The system is: Linux - 5.4.0-53-generic - x86_64
Compiling the C compiler identification source file "CMakeCCompilerId.c" succeeded.
Compiler: /opt/intel/oneapi/compiler/2021.4.0/linux/bin/intel64/icc 
Build flags: 
Id flags:  

The output was:
0


Compilation of the C compiler identification source "CMakeCCompilerId.c" produced "a.out"

The C compiler identification is Intel, found in "/home/changyu/codes/LPM-C/build/CMakeFiles/3.13.4/CompilerIdC/a.out"

Determining if the C compiler works passed with the following output:
Change Dir: /home/changyu/codes/LPM-C/build/CMakeFiles/CMakeTmp

Run Build Command:"/usr/bin/ninja" "cmTC_9cd2c"
[1/2] Building C object CMakeFiles/cmTC_9cd2c.dir/testCCompiler.c.o
[2/2] Linking C executable cmTC_9cd2c


Detecting C compiler ABI info compiled with the following output:
Change Dir: /home/changyu/codes/LPM-C/build/CMakeFiles/CMakeTmp

Run Build Command:"/usr/bin/ninja" "cmTC_c5765"
[1/2] Building C object CMakeFiles/cmTC_c5765.dir/CMakeCCompilerABI.c.o
[2/2] Linking C executable cmTC_c5765
icc version 2021.4.0 (gcc version 7.5.0 compatibility)
/opt/intel/oneapi/compiler/2021.4.0/linux/bin/intel64/../../bin/intel64/mcpcom    -mGLOB_em64t=TRUE -mP1OPT_version=2021.4.0-intel64 -mGLOB_diag_file=CMakeFiles/cmTC_c5765.dir/CMakeCCompilerABI.c.diag -mGLOB_long_size_64 -mGLOB_routine_pointer_size_64 -mP1OPT_print_version=FALSE -mCG_use_gas_got_workaround=F -mP2OPT_align_option_used=TRUE -mGLOB_gcc_version=750 "-mGLOB_options_string=-v -o cmTC_c5765" -mGLOB_cxx_limited_range=FALSE -mCG_extend_parms=FALSE -mGLOB_compiler_bin_directory=/opt/intel/oneapi/compiler/2021.4.0/linux/bin/intel64/../../bin/intel64 -mGLOB_as_output_backup_file_name=/tmp/iccULxTlUas_.s -mGLOB_dashboard_use_source_name -mIPOPT_activate -mGLOB_product_id_code=0x22006d93 -mP3OPT_use_mspp_call_convention -mP2OPT_subs_out_of_bound=FALSE -mP2OPT_disam_type_based_disam=2 -mP2OPT_disam_assume_ansi_c -mP2OPT_checked_disam_ansi_alias=TRUE -mGLOB_ansi_alias -mPGOPTI_value_profile_use=T -mGLOB_opt_report_use_source_name -mP2OPT_il0_array_sections=TRUE -mGLOB_offload_mode=1 -mGLOB_offload_no_openmp=TRUE -mP2OPT_offload_unique_var_string=icc0422924116XpHhLs -mP2OPT_hlo -mP2OPT_hpo_rtt_control=0 -mIPOPT_args_in_regs=0 -mP2OPT_disam_assume_nonstd_intent_in=FALSE -mGLOB_imf_mapping_library=/opt/intel/oneapi/compiler/2021.4.0/linux/bin/intel64/../../bin/intel64/libiml_attr.so -mPGOPTI_gen_threadsafe_level=0 -mIPOPT_link -mIPOPT_ipo_activate -mIPOPT_mo_activate -mIPOPT_source_files_list=/tmp/iccslisCnPRVY -mIPOPT_mo_global_data -mIPOPT_link_script_file=/tmp/iccscriptRNuSDW "-mIPOPT_cmdline_link="/usr/lib/gcc/x86_64-linux-gnu/7/../../../x86_64-linux-gnu/Scrt1.o" "/usr/lib/gcc/x86_64-linux-gnu/7/../../../x86_64-linux-gnu/crti.o" "/usr/lib/gcc/x86_64-linux-gnu/7/crtbeginS.o" "--eh-frame-hdr" "--build-id" "-dynamic-linker" "/lib64/ld-linux-x86-64.so.2" "-m" "elf_x86_64" "-o" "cmTC_c5765" "-L/opt/intel/oneapi/vpl/2021.6.0/lib" "-L/opt/intel/oneapi/tbb/2021.4.0/env/../lib/intel64/gcc4.8" "-L/opt/intel/oneapi/mpi/2021.4.0//libfabric/lib" "-L/opt/intel/oneapi/mpi/2021.4.0//lib/release" "-L/opt/intel/oneapi/mpi/2021.4.0//lib" "-L/opt/intel/oneapi/mkl/2021.4.0/lib/intel64" "-L/opt/intel/oneapi/ipp/2021.4.0/lib/intel64" "-L/opt/intel/oneapi/ippcp/2021.4.0/lib/intel64" "-L/opt/intel/oneapi/ipp/2021.4.0/lib/intel64" "-L/opt/intel/oneapi/dnnl/2021.4.0/cpu_dpcpp_gpu_dpcpp/lib" "-L/opt/intel/oneapi/dal/2021.4.0/lib/intel64" "-L/opt/intel/oneapi/compiler/2021.4.0/linux/compiler/lib/intel64_lin" "-L/opt/intel/oneapi/compiler/2021.4.0/linux/lib" "-L/opt/intel/oneapi/clck/2021.4.0/lib/intel64" "-L/opt/intel/oneapi/ccl/2021.4.0/lib/cpu_gpu_dpcpp" "-L/opt/intel/oneapi/compiler/2021.4.0/linux/bin/intel64/../../compiler/lib/intel64_lin" "-L/opt/intel/oneapi/vpl/2021.6.0/lib/../lib/" "-L/opt/intel/oneapi/mpi/2021.4.0//libfabric/lib/../lib/" "-L/opt/intel/oneapi/mpi/2021.4.0//lib/../lib/" "-L/opt/intel/oneapi/dnnl/2021.4.0/cpu_dpcpp_gpu_dpcpp/lib/../lib/" "-L/opt/intel/oneapi/compiler/2021.4.0/linux/lib/../lib/" "-L/usr/lib/gcc/x86_64-linux-gnu/7/" "-L/usr/lib/gcc/x86_64-linux-gnu/7/../../../x86_64-linux-gnu/" "-L/usr/lib/gcc/x86_64-linux-gnu/7/../../../../lib/" "-L/lib/x86_64-linux-gnu/" "-L/lib/../lib64" "-L/lib/../lib/" "-L/usr/lib/x86_64-linux-gnu/" "-L/usr/lib/../lib/" "-L/opt/intel/oneapi/vpl/2021.6.0/lib/" "-L/opt/intel/oneapi/tbb/2021.4.0/env/../lib/intel64/gcc4.8/" "-L/opt/intel/oneapi/mpi/2021.4.0//libfabric/lib/" "-L/opt/intel/oneapi/mpi/2021.4.0//lib/release/" "-L/opt/intel/oneapi/mpi/2021.4.0//lib/" "-L/opt/intel/oneapi/mkl/2021.4.0/lib/intel64/" "-L/opt/intel/oneapi/ipp/2021.4.0/lib/intel64/" "-L/opt/intel/oneapi/ippcp/2021.4.0/lib/intel64/" "-L/opt/intel/oneapi/dnnl/2021.4.0/cpu_dpcpp_gpu_dpcpp/lib/" "-L/opt/intel/oneapi/dal/2021.4.0/lib/intel64/" "-L/opt/intel/oneapi/compiler/2021.4.0/linux/compiler/lib/intel64_lin/" "-L/opt/intel/oneapi/compiler/2021.4.0/linux/lib/" "-L/opt/intel/oneapi/clck/2021.4.0/lib/intel64/" "-L/opt/intel/oneapi/ccl/2021.4.0/lib/cpu_gpu_dpcpp/" "-L/usr/lib/gcc/x86_64-linux-gnu/7/../../../" "-L/lib64" "-L/lib/" "-L/usr/lib" "CMakeFiles/cmTC_c5765.dir/CMakeCCompilerABI.c.o" "-Bdynamic" "-Bstatic" "-limf" "-lsvml" "-lirng" "-Bdynamic" "-lm" "-Bstatic" "-lipgo" "-ldecimal" "--as-needed" "-Bdynamic" "-lcilkrts" "-lstdc++" "--no-as-needed" "-lgcc" "-lgcc_s" "-Bstatic" "-lirc" "-lsvml" "-Bdynamic" "-lc" "-lgcc" "-lgcc_s" "-Bstatic" "-lirc_s" "-Bdynamic" "-ldl" "-lc" "/usr/lib/gcc/x86_64-linux-gnu/7/crtendS.o" "/usr/lib/gcc/x86_64-linux-gnu/7/../../../x86_64-linux-gnu/crtn.o"" -mIPOPT_il_in_obj -mIPOPT_ipo_activate_warn=FALSE -mIPOPT_obj_output_file_name=/tmp/ipo_iccWycVFc.o -mIPOPT_whole_archive_fixup_file_name=/tmp/iccwarchy50MMP -mGLOB_linker_version=2.30 -mGLOB_linker=ld -mGLOB_driver_tempfile_name=/tmp/icctempfilexFqFvN -mP3OPT_asm_target=P3OPT_ASM_TARGET_GAS -mGLOB_async_unwind_tables=TRUE -mGLOB_obj_output_file=/tmp/ipo_iccWycVFc.o -mGLOB_source_dialect=GLOB_SOURCE_DIALECT_NONE -mP1OPT_source_file_name=ipo_out.c CMakeFiles/cmTC_c5765.dir/CMakeCCompilerABI.c.o -mIPOPT_object_files=T -mIPOPT_assembly_files=/tmp/iccalisOxDS57 -mIPOPT_generated_tempfiles=/tmp/iccelisx9VRN5 -mIPOPT_embedded_object_base_name=/tmp/icceobjSazRv3 -mIPOPT_cmdline_link_new_name=/tmp/iccllisFiwRd1
ld    /usr/lib/gcc/x86_64-linux-gnu/7/../../../x86_64-linux-gnu/Scrt1.o /usr/lib/gcc/x86_64-linux-gnu/7/../../../x86_64-linux-gnu/crti.o /usr/lib/gcc/x86_64-linux-gnu/7/crtbeginS.o --eh-frame-hdr --build-id -dynamic-linker /lib64/ld-linux-x86-64.so.2 -m elf_x86_64 -o cmTC_c5765 -L/opt/intel/oneapi/vpl/2021.6.0/lib -L/opt/intel/oneapi/tbb/2021.4.0/env/../lib/intel64/gcc4.8 -L/opt/intel/oneapi/mpi/2021.4.0//libfabric/lib -L/opt/intel/oneapi/mpi/2021.4.0//lib/release -L/opt/intel/oneapi/mpi/2021.4.0//lib -L/opt/intel/oneapi/mkl/2021.4.0/lib/intel64 -L/opt/intel/oneapi/ipp/2021.4.0/lib/intel64 -L/opt/intel/oneapi/ippcp/2021.4.0/lib/intel64 -L/opt/intel/oneapi/ipp/2021.4.0/lib/intel64 -L/opt/intel/oneapi/dnnl/2021.4.0/cpu_dpcpp_gpu_dpcpp/lib -L/opt/intel/oneapi/dal/2021.4.0/lib/intel64 -L/opt/intel/oneapi/compiler/2021.4.0/linux/compiler/lib/intel64_lin -L/opt/intel/oneapi/compiler/2021.4.0/linux/lib -L/opt/intel/oneapi/clck/2021.4.0/lib/intel64 -L/opt/intel/oneapi/ccl/2021.4.0/lib/cpu_gpu_dpcpp -L/opt/intel/oneapi/compiler/2021.4.0/linux/bin/intel64/../../compiler/lib/intel64_lin -L/opt/intel/oneapi/vpl/2021.6.0/lib/../lib/ -L/opt/intel/oneapi/mpi/2021.4.0//libfabric/lib/../lib/ -L/opt/intel/oneapi/mpi/2021.4.0//lib/../lib/ -L/opt/intel/oneapi/dnnl/2021.4.0/cpu_dpcpp_gpu_dpcpp/lib/../lib/ -L/opt/intel/oneapi/compiler/2021.4.0/linux/lib/../lib/ -L/usr/lib/gcc/x86_64-linux-gnu/7/ -L/usr/lib/gcc/x86_64-linux-gnu/7/../../../x86_64-linux-gnu/ -L/usr/lib/gcc/x86_64-linux-gnu/7/../../../../lib/ -L/lib/x86_64-linux-gnu/ -L/lib/../lib64 -L/lib/../lib/ -L/usr/lib/x86_64-linux-gnu/ -L/usr/lib/../lib/ -L/opt/intel/oneapi/vpl/2021.6.0/lib/ -L/opt/intel/oneapi/tbb/2021.4.0/env/../lib/intel64/gcc4.8/ -L/opt/intel/oneapi/mpi/2021.4.0//libfabric/lib/ -L/opt/intel/oneapi/mpi/2021.4.0//lib/release/ -L/opt/intel/oneapi/mpi/2021.4.0//lib/ -L/opt/intel/oneapi/mkl/2021.4.0/lib/intel64/ -L/opt/intel/oneapi/ipp/2021.4.0/lib/intel64/ -L/opt/intel/oneapi/ippcp/2021.4.0/lib/intel64/ -L/opt/intel/oneapi/dnnl/2021.4.0/cpu_dpcpp_gpu_dpcpp/lib/ -L/opt/intel/oneapi/dal/2021.4.0/lib/intel64/ -L/opt/intel/oneapi/compiler/2021.4.0/linux/compiler/lib/intel64_lin/ -L/opt/intel/oneapi/compiler/2021.4.0/linux/lib/ -L/opt/intel/oneapi/clck/2021.4.0/lib/intel64/ -L/opt/intel/oneapi/ccl/2021.4.0/lib/cpu_gpu_dpcpp/ -L/usr/lib/gcc/x86_64-linux-gnu/7/../../../ -L/lib64 -L/lib/ -L/usr/lib CMakeFiles/cmTC_c5765.dir/CMakeCCompilerABI.c.o -Bdynamic -Bstatic -limf -lsvml -lirng -Bdynamic -lm -Bstatic -lipgo -ldecimal --as-needed -Bdynamic -lcilkrts -lstdc++ --no-as-needed -lgcc -lgcc_s -Bstatic -lirc -lsvml -Bdynamic -lc -lgcc -lgcc_s -Bstatic -lirc_s -Bdynamic -ldl -lc /usr/lib/gcc/x86_64-linux-gnu/7/crtendS.o /usr/lib/gcc/x86_64-linux-gnu/7/../../../x86_64-linux-gnu/crtn.o


Parsed C implicit link information from above output:
  link line regex: [^( *|.*[/\])(ld|CMAKE_LINK_STARTFILE-NOTFOUND|([^/\]+-)?ld|collect2)[^/\]*( |$)]
  ignore line: [Change Dir: /home/changyu/codes/LPM-C/build/CMakeFiles/CMakeTmp]
  ignore line: []
  ignore line: [Run Build Command:"/usr/bin/ninja" "cmTC_c5765"]
  ignore line: [[1/2] Building C object CMakeFiles/cmTC_c5765.dir/CMakeCCompilerABI.c.o]
  ignore line: [[2/2] Linking C executable cmTC_c5765]
  ignore line: [icc version 2021.4.0 (gcc version 7.5.0 compatibility)]
  ignore line: [/opt/intel/oneapi/compiler/2021.4.0/linux/bin/intel64/../../bin/intel64/mcpcom    -mGLOB_em64t=TRUE -mP1OPT_version=2021.4.0-intel64 -mGLOB_diag_file=CMakeFiles/cmTC_c5765.dir/CMakeCCompilerABI.c.diag -mGLOB_long_size_64 -mGLOB_routine_pointer_size_64 -mP1OPT_print_version=FALSE -mCG_use_gas_got_workaround=F -mP2OPT_align_option_used=TRUE -mGLOB_gcc_version=750 "-mGLOB_options_string=-v -o cmTC_c5765" -mGLOB_cxx_limited_range=FALSE -mCG_extend_parms=FALSE -mGLOB_compiler_bin_directory=/opt/intel/oneapi/compiler/2021.4.0/linux/bin/intel64/../../bin/intel64 -mGLOB_as_output_backup_file_name=/tmp/iccULxTlUas_.s -mGLOB_dashboard_use_source_name -mIPOPT_activate -mGLOB_product_id_code=0x22006d93 -mP3OPT_use_mspp_call_convention -mP2OPT_subs_out_of_bound=FALSE -mP2OPT_disam_type_based_disam=2 -mP2OPT_disam_assume_ansi_c -mP2OPT_checked_disam_ansi_alias=TRUE -mGLOB_ansi_alias -mPGOPTI_value_profile_use=T -mGLOB_opt_report_use_source_name -mP2OPT_il0_array_sections=TRUE -mGLOB_offload_mode=1 -mGLOB_offload_no_openmp=TRUE -mP2OPT_offload_unique_var_string=icc0422924116XpHhLs -mP2OPT_hlo -mP2OPT_hpo_rtt_control=0 -mIPOPT_args_in_regs=0 -mP2OPT_disam_assume_nonstd_intent_in=FALSE -mGLOB_imf_mapping_library=/opt/intel/oneapi/compiler/2021.4.0/linux/bin/intel64/../../bin/intel64/libiml_attr.so -mPGOPTI_gen_threadsafe_level=0 -mIPOPT_link -mIPOPT_ipo_activate -mIPOPT_mo_activate -mIPOPT_source_files_list=/tmp/iccslisCnPRVY -mIPOPT_mo_global_data -mIPOPT_link_script_file=/tmp/iccscriptRNuSDW "-mIPOPT_cmdline_link="/usr/lib/gcc/x86_64-linux-gnu/7/../../../x86_64-linux-gnu/Scrt1.o" "/usr/lib/gcc/x86_64-linux-gnu/7/../../../x86_64-linux-gnu/crti.o" "/usr/lib/gcc/x86_64-linux-gnu/7/crtbeginS.o" "--eh-frame-hdr" "--build-id" "-dynamic-linker" "/lib64/ld-linux-x86-64.so.2" "-m" "elf_x86_64" "-o" "cmTC_c5765" "-L/opt/intel/oneapi/vpl/2021.6.0/lib" "-L/opt/intel/oneapi/tbb/2021.4.0/env/../lib/intel64/gcc4.8" "-L/opt/intel/oneapi/mpi/2021.4.0//libfabric/lib" "-L/opt/intel/oneapi/mpi/2021.4.0//lib/release" "-L/opt/intel/oneapi/mpi/2021.4.0//lib" "-L/opt/intel/oneapi/mkl/2021.4.0/lib/intel64" "-L/opt/intel/oneapi/ipp/2021.4.0/lib/intel64" "-L/opt/intel/oneapi/ippcp/2021.4.0/lib/intel64" "-L/opt/intel/oneapi/ipp/2021.4.0/lib/intel64" "-L/opt/intel/oneapi/dnnl/2021.4.0/cpu_dpcpp_gpu_dpcpp/lib" "-L/opt/intel/oneapi/dal/2021.4.0/lib/intel64" "-L/opt/intel/oneapi/compiler/2021.4.0/linux/compiler/lib/intel64_lin" "-L/opt/intel/oneapi/compiler/2021.4.0/linux/lib" "-L/opt/intel/oneapi/clck/2021.4.0/lib/intel64" "-L/opt/intel/oneapi/ccl/2021.4.0/lib/cpu_gpu_dpcpp" "-L/opt/intel/oneapi/compiler/2021.4.0/linux/bin/intel64/../../compiler/lib/intel64_lin" "-L/opt/intel/oneapi/vpl/2021.6.0/lib/../lib/" "-L/opt/intel/oneapi/mpi/2021.4.0//libfabric/lib/../lib/" "-L/opt/intel/oneapi/mpi/2021.4.0//lib/../lib/" "-L/opt/intel/oneapi/dnnl/2021.4.0/cpu_dpcpp_gpu_dpcpp/lib/../lib/" "-L/opt/intel/oneapi/compiler/2021.4.0/linux/lib/../lib/" "-L/usr/lib/gcc/x86_64-linux-gnu/7/" "-L/usr/lib/gcc/x86_64-linux-gnu/7/../../../x86_64-linux-gnu/" "-L/usr/lib/gcc/x86_64-linux-gnu/7/../../../../lib/" "-L/lib/x86_64-linux-gnu/" "-L/lib/../lib64" "-L/lib/../lib/" "-L/usr/lib/x86_64-linux-gnu/" "-L/usr/lib/../lib/" "-L/opt/intel/oneapi/vpl/2021.6.0/lib/" "-L/opt/intel/oneapi/tbb/2021.4.0/env/../lib/intel64/gcc4.8/" "-L/opt/intel/oneapi/mpi/2021.4.0//libfabric/lib/" "-L/opt/intel/oneapi/mpi/2021.4.0//lib/release/" "-L/opt/intel/oneapi/mpi/2021.4.0//lib/" "-L/opt/intel/oneapi/mkl/2021.4.0/lib/intel64/" "-L/opt/intel/oneapi/ipp/2021.4.0/lib/intel64/" "-L/opt/intel/oneapi/ippcp/2021.4.0/lib/intel64/" "-L/opt/intel/oneapi/dnnl/2021.4.0/cpu_dpcpp_gpu_dpcpp/lib/" "-L/opt/intel/oneapi/dal/2021.4.0/lib/intel64/" "-L/opt/intel/oneapi/compiler/2021.4.0/linux/compiler/lib/intel64_lin/" "-L/opt/intel/oneapi/compiler/2021.4.0/linux/lib/" "-L/opt/intel/oneapi/clck/2021.4.0/lib/intel64/" "-L/opt/intel/oneapi/ccl/2021.4.0/lib/cpu_gpu_dpcpp/" "-L/usr/lib/gcc/x86_64-linux-gnu/7/../../../" "-L/lib64" "-L/lib/" "-L/usr/lib" "CMakeFiles/cmTC_c5765.dir/CMakeCCompilerABI.c.o" "-Bdynamic" "-Bstatic" "-limf" "-lsvml" "-lirng" "-Bdynamic" "-lm" "-Bstatic" "-lipgo" "-ldecimal" "--as-needed" "-Bdynamic" "-lcilkrts" "-lstdc++" "--no-as-needed" "-lgcc" "-lgcc_s" "-Bstatic" "-lirc" "-lsvml" "-Bdynamic" "-lc" "-lgcc" "-lgcc_s" "-Bstatic" "-lirc_s" "-Bdynamic" "-ldl" "-lc" "/usr/lib/gcc/x86_64-linux-gnu/7/crtendS.o" "/usr/lib/gcc/x86_64-linux-gnu/7/../../../x86_64-linux-gnu/crtn.o"" -mIPOPT_il_in_obj -mIPOPT_ipo_activate_warn=FALSE -mIPOPT_obj_output_file_name=/tmp/ipo_iccWycVFc.o -mIPOPT_whole_archive_fixup_file_name=/tmp/iccwarchy50MMP -mGLOB_linker_version=2.30 -mGLOB_linker=ld -mGLOB_driver_tempfile_name=/tmp/icctempfilexFqFvN -mP3OPT_asm_target=P3OPT_ASM_TARGET_GAS -mGLOB_async_unwind_tables=TRUE -mGLOB_obj_output_file=/tmp/ipo_iccWycVFc.o -mGLOB_source_dialect=GLOB_SOURCE_DIALECT_NONE -mP1OPT_source_file_name=ipo_out.c CMakeFiles/cmTC_c5765.dir/CMakeCCompilerABI.c.o -mIPOPT_object_files=T -mIPOPT_assembly_files=/tmp/iccalisOxDS57 -mIPOPT_generated_tempfiles=/tmp/iccelisx9VRN5 -mIPOPT_embedded_object_base_name=/tmp/icceobjSazRv3 -mIPOPT_cmdline_link_new_name=/tmp/iccllisFiwRd1]
  link line: [ld    /usr/lib/gcc/x86_64-linux-gnu/7/../../../x86_64-linux-gnu/Scrt1.o /usr/lib/gcc/x86_64-linux-gnu/7/../../../x86_64-linux-gnu/crti.o /usr/lib/gcc/x86_64-linux-gnu/7/crtbeginS.o --eh-frame-hdr --build-id -dynamic-linker /lib64/ld-linux-x86-64.so.2 -m elf_x86_64 -o cmTC_c5765 -L/opt/intel/oneapi/vpl/2021.6.0/lib -L/opt/intel/oneapi/tbb/2021.4.0/env/../lib/intel64/gcc4.8 -L/opt/intel/oneapi/mpi/2021.4.0//libfabric/lib -L/opt/intel/oneapi/mpi/2021.4.0//lib/release -L/opt/intel/oneapi/mpi/2021.4.0//lib -L/opt/intel/oneapi/mkl/2021.4.0/lib/intel64 -L/opt/intel/oneapi/ipp/2021.4.0/lib/intel64 -L/opt/intel/oneapi/ippcp/2021.4.0/lib/intel64 -L/opt/intel/oneapi/ipp/2021.4.0/lib/intel64 -L/opt/intel/oneapi/dnnl/2021.4.0/cpu_dpcpp_gpu_dpcpp/lib -L/opt/intel/oneapi/dal/2021.4.0/lib/intel64 -L/opt/intel/oneapi/compiler/2021.4.0/linux/compiler/lib/intel64_lin -L/opt/intel/oneapi/compiler/2021.4.0/linux/lib -L/opt/intel/oneapi/clck/2021.4.0/lib/intel64 -L/opt/intel/oneapi/ccl/2021.4.0/lib/cpu_gpu_dpcpp -L/opt/intel/oneapi/compiler/2021.4.0/linux/bin/intel64/../../compiler/lib/intel64_lin -L/opt/intel/oneapi/vpl/2021.6.0/lib/../lib/ -L/opt/intel/oneapi/mpi/2021.4.0//libfabric/lib/../lib/ -L/opt/intel/oneapi/mpi/2021.4.0//lib/../lib/ -L/opt/intel/oneapi/dnnl/2021.4.0/cpu_dpcpp_gpu_dpcpp/lib/../lib/ -L/opt/intel/oneapi/compiler/2021.4.0/linux/lib/../lib/ -L/usr/lib/gcc/x86_64-linux-gnu/7/ -L/usr/lib/gcc/x86_64-linux-gnu/7/../../../x86_64-linux-gnu/ -L/usr/lib/gcc/x86_64-linux-gnu/7/../../../../lib/ -L/lib/x86_64-linux-gnu/ -L/lib/../lib64 -L/lib/../lib/ -L/usr/lib/x86_64-linux-gnu/ -L/usr/lib/../lib/ -L/opt/intel/oneapi/vpl/2021.6.0/lib/ -L/opt/intel/oneapi/tbb/2021.4.0/env/../lib/intel64/gcc4.8/ -L/opt/intel/oneapi/mpi/2021.4.0//libfabric/lib/ -L/opt/intel/oneapi/mpi/2021.4.0//lib/release/ -L/opt/intel/oneapi/mpi/2021.4.0//lib/ -L/opt/intel/oneapi/mkl/2021.4.0/lib/intel64/ -L/opt/intel/oneapi/ipp/2021.4.0/lib/intel64/ -L/opt/intel/oneapi/ippcp/2021.4.0/lib/intel64/ -L/opt/intel/oneapi/dnnl/2021.4.0/cpu_dpcpp_gpu_dpcpp/lib/ -L/opt/intel/oneapi/dal/2021.4.0/lib/intel64/ -L/opt/intel/oneapi/compiler/2021.4.0/linux/compiler/lib/intel64_lin/ -L/opt/intel/oneapi/compiler/2021.4.0/linux/lib/ -L/opt/intel/oneapi/clck/2021.4.0/lib/intel64/ -L/opt/intel/oneapi/ccl/2021.4.0/lib/cpu_gpu_dpcpp/ -L/usr/lib/gcc/x86_64-linux-gnu/7/../../../ -L/lib64 -L/lib/ -L/usr/lib CMakeFiles/cmTC_c5765.dir/CMakeCCompilerABI.c.o -Bdynamic -Bstatic -limf -lsvml -lirng -Bdynamic -lm -Bstatic -lipgo -ldecimal --as-needed -Bdynamic -lcilkrts -lstdc++ --no-as-needed -lgcc -lgcc_s -Bstatic -lirc -lsvml -Bdynamic -lc -lgcc -lgcc_s -Bstatic -lirc_s -Bdynamic -ldl -lc /usr/lib/gcc/x86_64-linux-gnu/7/crtendS.o /usr/lib/gcc/x86_64-linux-gnu/7/../../../x86_64-linux-gnu/crtn.o]
    arg [ld] ==> ignore
    arg [/usr/lib/gcc/x86_64-linux-gnu/7/../../../x86_64-linux-gnu/Scrt1.o] ==> ignore
    arg [/usr/lib/gcc/x86_64-linux-gnu/7/../../../x86_64-linux-gnu/crti.o] ==> ignore
    arg [/usr/lib/gcc/x86_64-linux-gnu/7/crtbeginS.o] ==> ignore
    arg [--eh-frame-hdr] ==> ignore
    arg [--build-id] ==> ignore
    arg [-dynamic-linker] ==> ignore
    arg [/lib64/ld-linux-x86-64.so.2] ==> ignore
    arg [-m] ==> ignore
    arg [elf_x86_64] ==> ignore
    arg [-o] ==> ignore
    arg [cmTC_c5765] ==> ignore
    arg [-L/opt/intel/oneapi/vpl/2021.6.0/lib] ==> dir [/opt/intel/oneapi/vpl/2021.6.0/lib]
    arg [-L/opt/intel/oneapi/tbb/2021.4.0/env/../lib/intel64/gcc4.8] ==> dir [/opt/intel/oneapi/tbb/2021.4.0/env/../lib/intel64/gcc4.8]
    arg [-L/opt/intel/oneapi/mpi/2021.4.0//libfabric/lib] ==> dir [/opt/intel/oneapi/mpi/2021.4.0//libfabric/lib]
    arg [-L/opt/intel/oneapi/mpi/2021.4.0//lib/release] ==> dir [/opt/intel/oneapi/mpi/2021.4.0//lib/release]
    arg [-L/opt/intel/oneapi/mpi/2021.4.0//lib] ==> dir [/opt/intel/oneapi/mpi/2021.4.0//lib]
    arg [-L/opt/intel/oneapi/mkl/2021.4.0/lib/intel64] ==> dir [/opt/intel/oneapi/mkl/2021.4.0/lib/intel64]
    arg [-L/opt/intel/oneapi/ipp/2021.4.0/lib/intel64] ==> dir [/opt/intel/oneapi/ipp/2021.4.0/lib/intel64]
    arg [-L/opt/intel/oneapi/ippcp/2021.4.0/lib/intel64] ==> dir [/opt/intel/oneapi/ippcp/2021.4.0/lib/intel64]
    arg [-L/opt/intel/oneapi/ipp/2021.4.0/lib/intel64] ==> dir [/opt/intel/oneapi/ipp/2021.4.0/lib/intel64]
    arg [-L/opt/intel/oneapi/dnnl/2021.4.0/cpu_dpcpp_gpu_dpcpp/lib] ==> dir [/opt/intel/oneapi/dnnl/2021.4.0/cpu_dpcpp_gpu_dpcpp/lib]
    arg [-L/opt/intel/oneapi/dal/2021.4.0/lib/intel64] ==> dir [/opt/intel/oneapi/dal/2021.4.0/lib/intel64]
    arg [-L/opt/intel/oneapi/compiler/2021.4.0/linux/compiler/lib/intel64_lin] ==> dir [/opt/intel/oneapi/compiler/2021.4.0/linux/compiler/lib/intel64_lin]
    arg [-L/opt/intel/oneapi/compiler/2021.4.0/linux/lib] ==> dir [/opt/intel/oneapi/compiler/2021.4.0/linux/lib]
    arg [-L/opt/intel/oneapi/clck/2021.4.0/lib/intel64] ==> dir [/opt/intel/oneapi/clck/2021.4.0/lib/intel64]
    arg [-L/opt/intel/oneapi/ccl/2021.4.0/lib/cpu_gpu_dpcpp] ==> dir [/opt/intel/oneapi/ccl/2021.4.0/lib/cpu_gpu_dpcpp]
    arg [-L/opt/intel/oneapi/compiler/2021.4.0/linux/bin/intel64/../../compiler/lib/intel64_lin] ==> dir [/opt/intel/oneapi/compiler/2021.4.0/linux/bin/intel64/../../compiler/lib/intel64_lin]
    arg [-L/opt/intel/oneapi/vpl/2021.6.0/lib/../lib/] ==> dir [/opt/intel/oneapi/vpl/2021.6.0/lib/../lib/]
    arg [-L/opt/intel/oneapi/mpi/2021.4.0//libfabric/lib/../lib/] ==> dir [/opt/intel/oneapi/mpi/2021.4.0//libfabric/lib/../lib/]
    arg [-L/opt/intel/oneapi/mpi/2021.4.0//lib/../lib/] ==> dir [/opt/intel/oneapi/mpi/2021.4.0//lib/../lib/]
    arg [-L/opt/intel/oneapi/dnnl/2021.4.0/cpu_dpcpp_gpu_dpcpp/lib/../lib/] ==> dir [/opt/intel/oneapi/dnnl/2021.4.0/cpu_dpcpp_gpu_dpcpp/lib/../lib/]
    arg [-L/opt/intel/oneapi/compiler/2021.4.0/linux/lib/../lib/] ==> dir [/opt/intel/oneapi/compiler/2021.4.0/linux/lib/../lib/]
    arg [-L/usr/lib/gcc/x86_64-linux-gnu/7/] ==> dir [/usr/lib/gcc/x86_64-linux-gnu/7/]
    arg [-L/usr/lib/gcc/x86_64-linux-gnu/7/../../../x86_64-linux-gnu/] ==> dir [/usr/lib/gcc/x86_64-linux-gnu/7/../../../x86_64-linux-gnu/]
    arg [-L/usr/lib/gcc/x86_64-linux-gnu/7/../../../../lib/] ==> dir [/usr/lib/gcc/x86_64-linux-gnu/7/../../../../lib/]
    arg [-L/lib/x86_64-linux-gnu/] ==> dir [/lib/x86_64-linux-gnu/]
    arg [-L/lib/../lib64] ==> dir [/lib/../lib64]
    arg [-L/lib/../lib/] ==> dir [/lib/../lib/]
    arg [-L/usr/lib/x86_64-linux-gnu/] ==> dir [/usr/lib/x86_64-linux-gnu/]
    arg [-L/usr/lib/../lib/] ==> dir [/usr/lib/../lib/]
    arg [-L/opt/intel/oneapi/vpl/2021.6.0/lib/] ==> dir [/opt/intel/oneapi/vpl/2021.6.0/lib/]
    arg [-L/opt/intel/oneapi/tbb/2021.4.0/env/../lib/intel64/gcc4.8/] ==> dir [/opt/intel/oneapi/tbb/2021.4.0/env/../lib/intel64/gcc4.8/]
    arg [-L/opt/intel/oneapi/mpi/2021.4.0//libfabric/lib/] ==> dir [/opt/intel/oneapi/mpi/2021.4.0//libfabric/lib/]
    arg [-L/opt/intel/oneapi/mpi/2021.4.0//lib/release/] ==> dir [/opt/intel/oneapi/mpi/2021.4.0//lib/release/]
    arg [-L/opt/intel/oneapi/mpi/2021.4.0//lib/] ==> dir [/opt/intel/oneapi/mpi/2021.4.0//lib/]
    arg [-L/opt/intel/oneapi/mkl/2021.4.0/lib/intel64/] ==> dir [/opt/intel/oneapi/mkl/2021.4.0/lib/intel64/]
    arg [-L/opt/intel/oneapi/ipp/2021.4.0/lib/intel64/] ==> dir [/opt/intel/oneapi/ipp/2021.4.0/lib/intel64/]
    arg [-L/opt/intel/oneapi/ippcp/2021.4.0/lib/intel64/] ==> dir [/opt/intel/oneapi/ippcp/2021.4.0/lib/intel64/]
    arg [-L/opt/intel/oneapi/dnnl/2021.4.0/cpu_dpcpp_gpu_dpcpp/lib/] ==> dir [/opt/intel/oneapi/dnnl/2021.4.0/cpu_dpcpp_gpu_dpcpp/lib/]
    arg [-L/opt/intel/oneapi/dal/2021.4.0/lib/intel64/] ==> dir [/opt/intel/oneapi/dal/2021.4.0/lib/intel64/]
    arg [-L/opt/intel/oneapi/compiler/2021.4.0/linux/compiler/lib/intel64_lin/] ==> dir [/opt/intel/oneapi/compiler/2021.4.0/linux/compiler/lib/intel64_lin/]
    arg [-L/opt/intel/oneapi/compiler/2021.4.0/linux/lib/] ==> dir [/opt/intel/oneapi/compiler/2021.4.0/linux/lib/]
    arg [-L/opt/intel/oneapi/clck/2021.4.0/lib/intel64/] ==> dir [/opt/intel/oneapi/clck/2021.4.0/lib/intel64/]
    arg [-L/opt/intel/oneapi/ccl/2021.4.0/lib/cpu_gpu_dpcpp/] ==> dir [/opt/intel/oneapi/ccl/2021.4.0/lib/cpu_gpu_dpcpp/]
    arg [-L/usr/lib/gcc/x86_64-linux-gnu/7/../../../] ==> dir [/usr/lib/gcc/x86_64-linux-gnu/7/../../../]
    arg [-L/lib64] ==> dir [/lib64]
    arg [-L/lib/] ==> dir [/lib/]
    arg [-L/usr/lib] ==> dir [/usr/lib]
    arg [CMakeFiles/cmTC_c5765.dir/CMakeCCompilerABI.c.o] ==> ignore
    arg [-Bdynamic] ==> ignore
    arg [-Bstatic] ==> ignore
    arg [-limf] ==> lib [imf]
    arg [-lsvml] ==> lib [svml]
    arg [-lirng] ==> lib [irng]
    arg [-Bdynamic] ==> ignore
    arg [-lm] ==> lib [m]
    arg [-Bstatic] ==> ignore
    arg [-lipgo] ==> lib [ipgo]
    arg [-ldecimal] ==> lib [decimal]
    arg [--as-needed] ==> ignore
    arg [-Bdynamic] ==> ignore
    arg [-lcilkrts] ==> lib [cilkrts]
    arg [-lstdc++] ==> lib [stdc++]
    arg [--no-as-needed] ==> ignore
    arg [-lgcc] ==> lib [gcc]
    arg [-lgcc_s] ==> lib [gcc_s]
    arg [-Bstatic] ==> ignore
    arg [-lirc] ==> lib [irc]
    arg [-lsvml] ==> lib [svml]
    arg [-Bdynamic] ==> ignore
    arg [-lc] ==> lib [c]
    arg [-lgcc] ==> lib [gcc]
    arg [-lgcc_s] ==> lib [gcc_s]
    arg [-Bstatic] ==> ignore
    arg [-lirc_s] ==> lib [irc_s]
    arg [-Bdynamic] ==> ignore
    arg [-ldl] ==> lib [dl]
    arg [-lc] ==> lib [c]
    arg [/usr/lib/gcc/x86_64-linux-gnu/7/crtendS.o] ==> ignore
    arg [/usr/lib/gcc/x86_64-linux-gnu/7/../../../x86_64-linux-gnu/crtn.o] ==> ignore
  collapse library dir [/opt/intel/oneapi/vpl/2021.6.0/lib] ==> [/opt/intel/oneapi/vpl/2021.6.0/lib]
  collapse library dir [/opt/intel/oneapi/tbb/2021.4.0/env/../lib/intel64/gcc4.8] ==> [/opt/intel/oneapi/tbb/2021.4.0/lib/intel64/gcc4.8]
  collapse library dir [/opt/intel/oneapi/mpi/2021.4.0//libfabric/lib] ==> [/opt/intel/oneapi/mpi/2021.4.0/libfabric/lib]
  collapse library dir [/opt/intel/oneapi/mpi/2021.4.0//lib/release] ==> [/opt/intel/oneapi/mpi/2021.4.0/lib/release]
  collapse library dir [/opt/intel/oneapi/mpi/2021.4.0//lib] ==> [/opt/intel/oneapi/mpi/2021.4.0/lib]
  collapse library dir [/opt/intel/oneapi/mkl/2021.4.0/lib/intel64] ==> [/opt/intel/oneapi/mkl/2021.4.0/lib/intel64]
  collapse library dir [/opt/intel/oneapi/ipp/2021.4.0/lib/intel64] ==> [/opt/intel/oneapi/ipp/2021.4.0/lib/intel64]
  collapse library dir [/opt/intel/oneapi/ippcp/2021.4.0/lib/intel64] ==> [/opt/intel/oneapi/ippcp/2021.4.0/lib/intel64]
  collapse library dir [/opt/intel/oneapi/ipp/2021.4.0/lib/intel64] ==> [/opt/intel/oneapi/ipp/2021.4.0/lib/intel64]
  collapse library dir [/opt/intel/oneapi/dnnl/2021.4.0/cpu_dpcpp_gpu_dpcpp/lib] ==> [/opt/intel/oneapi/dnnl/2021.4.0/cpu_dpcpp_gpu_dpcpp/lib]
  collapse library dir [/opt/intel/oneapi/dal/2021.4.0/lib/intel64] ==> [/opt/intel/oneapi/dal/2021.4.0/lib/intel64]
  collapse library dir [/opt/intel/oneapi/compiler/2021.4.0/linux/compiler/lib/intel64_lin] ==> [/opt/intel/oneapi/compiler/2021.4.0/linux/compiler/lib/intel64_lin]
  collapse library dir [/opt/intel/oneapi/compiler/2021.4.0/linux/lib] ==> [/opt/intel/oneapi/compiler/2021.4.0/linux/lib]
  collapse library dir [/opt/intel/oneapi/clck/2021.4.0/lib/intel64] ==> [/opt/intel/oneapi/clck/2021.4.0/lib/intel64]
  collapse library dir [/opt/intel/oneapi/ccl/2021.4.0/lib/cpu_gpu_dpcpp] ==> [/opt/intel/oneapi/ccl/2021.4.0/lib/cpu_gpu_dpcpp]
  collapse library dir [/opt/intel/oneapi/compiler/2021.4.0/linux/bin/intel64/../../compiler/lib/intel64_lin] ==> [/opt/intel/oneapi/compiler/2021.4.0/linux/compiler/lib/intel64_lin]
  collapse library dir [/opt/intel/oneapi/vpl/2021.6.0/lib/../lib/] ==> [/opt/intel/oneapi/vpl/2021.6.0/lib]
  collapse library dir [/opt/intel/oneapi/mpi/2021.4.0//libfabric/lib/../lib/] ==> [/opt/intel/oneapi/mpi/2021.4.0/libfabric/lib]
  collapse library dir [/opt/intel/oneapi/mpi/2021.4.0//lib/../lib/] ==> [/opt/intel/oneapi/mpi/2021.4.0/lib]
  collapse library dir [/opt/intel/oneapi/dnnl/2021.4.0/cpu_dpcpp_gpu_dpcpp/lib/../lib/] ==> [/opt/intel/oneapi/dnnl/2021.4.0/cpu_dpcpp_gpu_dpcpp/lib]
  collapse library dir [/opt/intel/oneapi/compiler/2021.4.0/linux/lib/../lib/] ==> [/opt/intel/oneapi/compiler/2021.4.0/linux/lib]
  collapse library dir [/usr/lib/gcc/x86_64-linux-gnu/7/] ==> [/usr/lib/gcc/x86_64-linux-gnu/7]
  collapse library dir [/usr/lib/gcc/x86_64-linux-gnu/7/../../../x86_64-linux-gnu/] ==> [/usr/lib/x86_64-linux-gnu]
  collapse library dir [/usr/lib/gcc/x86_64-linux-gnu/7/../../../../lib/] ==> [/usr/lib]
  collapse library dir [/lib/x86_64-linux-gnu/] ==> [/lib/x86_64-linux-gnu]
  collapse library dir [/lib/../lib64] ==> [/lib64]
  collapse library dir [/lib/../lib/] ==> [/lib]
  collapse library dir [/usr/lib/x86_64-linux-gnu/] ==> [/usr/lib/x86_64-linux-gnu]
  collapse library dir [/usr/lib/../lib/] ==> [/usr/lib]
  collapse library dir [/opt/intel/oneapi/vpl/2021.6.0/lib/] ==> [/opt/intel/oneapi/vpl/2021.6.0/lib]
  collapse library dir [/opt/intel/oneapi/tbb/2021.4.0/env/../lib/intel64/gcc4.8/] ==> [/opt/intel/oneapi/tbb/2021.4.0/lib/intel64/gcc4.8]
  collapse library dir [/opt/intel/oneapi/mpi/2021.4.0//libfabric/lib/] ==> [/opt/intel/oneapi/mpi/2021.4.0/libfabric/lib]
  collapse library dir [/opt/intel/oneapi/mpi/2021.4.0//lib/release/] ==> [/opt/intel/oneapi/mpi/2021.4.0/lib/release]
  collapse library dir [/opt/intel/oneapi/mpi/2021.4.0//lib/] ==> [/opt/intel/oneapi/mpi/2021.4.0/lib]
  collapse library dir [/opt/intel/oneapi/mkl/2021.4.0/lib/intel64/] ==> [/opt/intel/oneapi/mkl/2021.4.0/lib/intel64]
  collapse library dir [/opt/intel/oneapi/ipp/2021.4.0/lib/intel64/] ==> [/opt/intel/oneapi/ipp/2021.4.0/lib/intel64]
  collapse library dir [/opt/intel/oneapi/ippcp/2021.4.0/lib/intel64/] ==> [/opt/intel/oneapi/ippcp/2021.4.0/lib/intel64]
  collapse library dir [/opt/intel/oneapi/dnnl/2021.4.0/cpu_dpcpp_gpu_dpcpp/lib/] ==> [/opt/intel/oneapi/dnnl/2021.4.0/cpu_dpcpp_gpu_dpcpp/lib]
  collapse library dir [/opt/intel/oneapi/dal/2021.4.0/lib/intel64/] ==> [/opt/intel/oneapi/dal/2021.4.0/lib/intel64]
  collapse library dir [/opt/intel/oneapi/compiler/2021.4.0/linux/compiler/lib/intel64_lin/] ==> [/opt/intel/oneapi/compiler/2021.4.0/linux/compiler/lib/intel64_lin]
  collapse library dir [/opt/intel/oneapi/compiler/2021.4.0/linux/lib/] ==> [/opt/intel/oneapi/compiler/2021.4.0/linux/lib]
  collapse library dir [/opt/intel/oneapi/clck/2021.4.0/lib/intel64/] ==> [/opt/intel/oneapi/clck/2021.4.0/lib/intel64]
  collapse library dir [/opt/intel/oneapi/ccl/2021.4.0/lib/cpu_gpu_dpcpp/] ==> [/opt/intel/oneapi/ccl/2021.4.0/lib/cpu_gpu_dpcpp]
  collapse library dir [/usr/lib/gcc/x86_64-linux-gnu/7/../../../] ==> [/usr/lib]
  collapse library dir [/lib64] ==> [/lib64]
  collapse library dir [/lib/] ==> [/lib]
  collapse library dir [/usr/lib] ==> [/usr/lib]
  implicit libs: [imf;svml;irng;m;ipgo;decimal;cilkrts;stdc++;gcc;gcc_s;irc;svml;c;gcc;gcc_s;irc_s;dl;c]
  implicit dirs: [/opt/intel/oneapi/vpl/2021.6.0/lib;/opt/intel/oneapi/tbb/2021.4.0/lib/intel64/gcc4.8;/opt/intel/oneapi/mpi/2021.4.0/libfabric/lib;/opt/intel/oneapi/mpi/2021.4.0/lib/release;/opt/intel/oneapi/mpi/2021.4.0/lib;/opt/intel/oneapi/mkl/2021.4.0/lib/intel64;/opt/intel/oneapi/ipp/2021.4.0/lib/intel64;/opt/intel/oneapi/ippcp/2021.4.0/lib/intel64;/opt/intel/oneapi/dnnl/2021.4.0/cpu_dpcpp_gpu_dpcpp/lib;/opt/intel/oneapi/dal/2021.4.0/lib/intel64;/opt/intel/oneapi/compiler/2021.4.0/linux/compiler/lib/intel64_lin;/opt/intel/oneapi/compiler/2021.4.0/linux/lib;/opt/intel/oneapi/clck/2021.4.0/lib/intel64;/opt/intel/oneapi/ccl/2021.4.0/lib/cpu_gpu_dpcpp;/usr/lib/gcc/x86_64-linux-gnu/7;/usr/lib/x86_64-linux-gnu;/usr/lib;/lib/x86_64-linux-gnu;/lib64;/lib]
  implicit fwks: []




Detecting C [-std=c11] compiler features compiled with the following output:
Change Dir: /home/changyu/codes/LPM-C/build/CMakeFiles/CMakeTmp

Run Build Command:"/usr/bin/ninja" "cmTC_e15ee"
[1/2] Building C object CMakeFiles/cmTC_e15ee.dir/feature_tests.c.o
[2/2] Linking C executable cmTC_e15ee


    Feature record: C_FEATURE:1c_function_prototypes
    Feature record: C_FEATURE:1c_restrict
    Feature record: C_FEATURE:1c_static_assert
    Feature record: C_FEATURE:1c_variadic_macros


Detecting C [-std=c99] compiler features compiled with the following output:
Change Dir: /home/changyu/codes/LPM-C/build/CMakeFiles/CMakeTmp

Run Build Command:"/usr/bin/ninja" "cmTC_871f2"
[1/2] Building C object CMakeFiles/cmTC_871f2.dir/feature_tests.c.o
[2/2] Linking C executable cmTC_871f2


    Feature record: C_FEATURE:1c_function_prototypes
    Feature record: C_FEATURE:1c_restrict
    Feature record: C_FEATURE:1c_static_assert
    Feature record: C_FEATURE:1c_variadic_macros


Detecting C [-std=c89] compiler features compiled with the following output:
Change Dir: /home/changyu/codes/LPM-C/build/CMakeFiles/CMakeTmp

Run Build Command:"/usr/bin/ninja" "cmTC_8d9ed"
[1/2] Building C object CMakeFiles/cmTC_8d9ed.dir/feature_tests.c.o
[2/2] Linking C executable cmTC_8d9ed


    Feature record: C_FEATURE:1c_function_prototypes
    Feature record: C_FEATURE:0c_restrict
    Feature record: C_FEATURE:0c_static_assert
    Feature record: C_FEATURE:0c_variadic_macros
Detecting C OpenMP compiler ABI info compiled with the following output:
Change Dir: /home/changyu/codes/LPM-C/build/CMakeFiles/CMakeTmp

Run Build Command:"/usr/bin/ninja" "cmTC_2a700"
[1/2] Building C object CMakeFiles/cmTC_2a700.dir/OpenMPTryFlag.c.o
icc version 2021.4.0 (gcc version 7.5.0 compatibility)
/opt/intel/oneapi/compiler/2021.4.0/linux/bin/intel64/../../bin/intel64/mcpcom    --target_efi2 --lang=c -oCMakeFiles/cmTC_2a700.dir/OpenMPTryFlag.c.o -_g -mP3OPT_inline_alloca -D__ICC=2021 -D__INTEL_COMPILER=2021 -D__INTEL_COMPILER_UPDATE=4 -D__PTRDIFF_TYPE__=long "-D__SIZE_TYPE__=unsigned long" -D__WCHAR_TYPE__=int "-D__WINT_TYPE__=unsigned int" "-D__INTMAX_TYPE__=long int" "-D__UINTMAX_TYPE__=long unsigned int" -D__LONG_MAX__=9223372036854775807L -D__QMSPP_ -D__OPTIMIZE__ -D__NO_MATH_INLINES -D__NO_STRING_INLINES -D__GNUC_GNU_INLINE__ -D__GNUC__=7 -D__GNUC_MINOR__=5 -D__GNUC_PATCHLEVEL__=0 -D__LP64__ -D_LP64 -D__GXX_ABI_VERSION=1010 "-D__USER_LABEL_PREFIX__= " -D__REGISTER_PREFIX__= -D__INTEL_RTTI__ -D__unix__ -D__unix -D__linux__ -D__linux -D__gnu_linux__ -B -Dunix -Dlinux "-_Asystem(unix)" -D__ELF__ -D__x86_64 -D__x86_64__ -D__amd64 -D__amd64__ "-_Acpu(x86_64)" "-_Amachine(x86_64)" -D__INTEL_COMPILER_BUILD_DATE=20210910 -D_OPENMP=201611 -D__INTEL_OFFLOAD -D__MMX__ -D__SSE__ -D__SSE_MATH__ -D__SSE2__ -D__SSE2_MATH__ -D__pentium4 -D__pentium4__ -D__tune_pentium4__ -_k -_8 -_l --has_new_stdarg_support -_a -_b --gnu_version=70500 -_W5 --openmp --openmp_tasks --openmp_simd --noopenmp_offload --dependency_file_name CMakeFiles/cmTC_2a700.dir/OpenMPTryFlag.c.o.d --compile_dependencies --dependency_target_name CMakeFiles/cmTC_2a700.dir/OpenMPTryFlag.c.o --multibyte_chars -mGLOB_diag_suppress_sys --system_preinclude /usr/include/stdc-predef.h -I/opt/intel/oneapi/vpl/2021.6.0/include -I/opt/intel/oneapi/tbb/2021.4.0/env/../include -I/opt/intel/oneapi/mpi/2021.4.0//include -I/opt/intel/oneapi/mkl/2021.4.0/include -I/opt/intel/oneapi/ipp/2021.4.0/include -I/opt/intel/oneapi/ippcp/2021.4.0/include -I/opt/intel/oneapi/ipp/2021.4.0/include -I/opt/intel/oneapi/dpl/2021.5.0/linux/include -I/opt/intel/oneapi/dpcpp-ct/2021.4.0/include -I/opt/intel/oneapi/dnnl/2021.4.0/cpu_dpcpp_gpu_dpcpp/lib -I/opt/intel/oneapi/dev-utilities/2021.4.0/include -I/opt/intel/oneapi/dal/2021.4.0/include -I/opt/intel/oneapi/compiler/2021.4.0/linux/include -I/opt/intel/oneapi/ccl/2021.4.0/include/cpu_gpu_dpcpp --array_section --simd --simd_func --offload_mode=1 --offload_target_names=mic,MIC --offload_unique_string=icc1196637708au2Vvk -mGLOB_em64t=TRUE -mP1OPT_version=2021.4.0-intel64 -mGLOB_diag_file=CMakeFiles/cmTC_2a700.dir/OpenMPTryFlag.c.diag -mGLOB_long_size_64 -mGLOB_routine_pointer_size_64 -mP1OPT_print_version=FALSE -mCG_use_gas_got_workaround=F -mP2OPT_align_option_used=TRUE -mGLOB_gcc_version=750 "-mGLOB_options_string=-qopenmp -v -MD -MT CMakeFiles/cmTC_2a700.dir/OpenMPTryFlag.c.o -MF CMakeFiles/cmTC_2a700.dir/OpenMPTryFlag.c.o.d -o CMakeFiles/cmTC_2a700.dir/OpenMPTryFlag.c.o -c" -mGLOB_cxx_limited_range=FALSE -mCG_extend_parms=FALSE -mGLOB_compiler_bin_directory=/opt/intel/oneapi/compiler/2021.4.0/linux/bin/intel64/../../bin/intel64 -mGLOB_as_output_backup_file_name=/tmp/iccM45Zclas_.s -mIPOPT_activate -mIPOPT_lite -mGLOB_uarch_tuning=0x0 -mGLOB_product_id_code=0x22006d93 -mCG_bnl_movbe=T -mP3OPT_use_mspp_call_convention -mP2OPT_subs_out_of_bound=FALSE -mP2OPT_disam_type_based_disam=2 -mP2OPT_disam_assume_ansi_c -mP2OPT_checked_disam_ansi_alias=TRUE -mGLOB_ansi_alias -mPGOPTI_value_profile_use=T -mPAROPT_openmp=TRUE -mP2OPT_hpo_omp_simd_only=FALSE -mP2OPT_il0_array_sections=TRUE -mGLOB_offload_mode=1 -mGLOB_offload_no_openmp=TRUE -mP2OPT_offload_unique_var_string=icc1196637708au2Vvk -mP2OPT_hlo_level=2 -mP2OPT_hlo -mP2OPT_hpo_rtt_control=0 -mIPOPT_args_in_regs=0 -mP2OPT_disam_assume_nonstd_intent_in=FALSE -mGLOB_imf_mapping_library=/opt/intel/oneapi/compiler/2021.4.0/linux/bin/intel64/../../bin/intel64/libiml_attr.so -mPGOPTI_gen_threadsafe_level=0 -mIPOPT_lto_object_enabled -mIPOPT_lto_object_value=1 -mIPOPT_obj_output_file_name=CMakeFiles/cmTC_2a700.dir/OpenMPTryFlag.c.o -mIPOPT_whole_archive_fixup_file_name=/tmp/iccwarchLWvUGl -mGLOB_linker_version=2.30 -mGLOB_linker=ld -mGLOB_driver_tempfile_name=/tmp/icctempfile5co9Vl -mP3OPT_asm_target=P3OPT_ASM_TARGET_GAS -mGLOB_async_unwind_tables=TRUE -mGLOB_obj_output_file=CMakeFiles/cmTC_2a700.dir/OpenMPTryFlag.c.o -mGLOB_source_dialect=GLOB_SOURCE_DIALECT_C -mP1OPT_source_file_name=/home/changyu/codes/LPM-C/build/CMakeFiles/FindOpenMP/OpenMPTryFlag.c -mP1OPT_full_source_file_name=/home/changyu/codes/LPM-C/build/CMakeFiles/FindOpenMP/OpenMPTryFlag.c /home/changyu/codes/LPM-C/build/CMakeFiles/FindOpenMP/OpenMPTryFlag.c
#include "..." search starts here:
#include <...> search starts here:
 /opt/intel/oneapi/vpl/2021.6.0/include
 /opt/intel/oneapi/tbb/2021.4.0/env/../include
 /opt/intel/oneapi/mpi/2021.4.0//include
 /opt/intel/oneapi/mkl/2021.4.0/include
 /opt/intel/oneapi/ipp/2021.4.0/include
 /opt/intel/oneapi/ippcp/2021.4.0/include
 /opt/intel/oneapi/ipp/2021.4.0/include
 /opt/intel/oneapi/dpl/2021.5.0/linux/include
 /opt/intel/oneapi/dpcpp-ct/2021.4.0/include
 /opt/intel/oneapi/dnnl/2021.4.0/cpu_dpcpp_gpu_dpcpp/lib
 /opt/intel/oneapi/dev-utilities/2021.4.0/include
 /opt/intel/oneapi/dal/2021.4.0/include
 /opt/intel/oneapi/compiler/2021.4.0/linux/include
 /opt/intel/oneapi/ccl/2021.4.0/include/cpu_gpu_dpcpp
 /opt/intel/oneapi/compiler/2021.4.0/linux/bin/intel64/../../compiler/include/intel64
 /opt/intel/oneapi/compiler/2021.4.0/linux/bin/intel64/../../compiler/include/icc
 /opt/intel/oneapi/compiler/2021.4.0/linux/bin/intel64/../../compiler/include
 /usr/local/include
 /usr/lib/gcc/x86_64-linux-gnu/7/include
 /usr/lib/gcc/x86_64-linux-gnu/7/include-fixed
 /usr/include/
 /usr/include
 /usr/include/x86_64-linux-gnu
End of search list.
[2/2] Linking C executable cmTC_2a700
icc version 2021.4.0 (gcc version 7.5.0 compatibility)
/opt/intel/oneapi/compiler/2021.4.0/linux/bin/intel64/../../bin/intel64/mcpcom    -mGLOB_em64t=TRUE -mP1OPT_version=2021.4.0-intel64 -mGLOB_diag_file=CMakeFiles/cmTC_2a700.dir/OpenMPTryFlag.c.diag -mGLOB_long_size_64 -mGLOB_routine_pointer_size_64 -mP1OPT_print_version=FALSE -mCG_use_gas_got_workaround=F -mP2OPT_align_option_used=TRUE -mGLOB_gcc_version=750 "-mGLOB_options_string=-qopenmp -v -o cmTC_2a700 -v" -mGLOB_cxx_limited_range=FALSE -mCG_extend_parms=FALSE -mGLOB_compiler_bin_directory=/opt/intel/oneapi/compiler/2021.4.0/linux/bin/intel64/../../bin/intel64 -mGLOB_as_output_backup_file_name=/tmp/iccXiPSDwas_.s -mGLOB_dashboard_use_source_name -mIPOPT_activate -mGLOB_product_id_code=0x22006d93 -mP3OPT_use_mspp_call_convention -mP2OPT_subs_out_of_bound=FALSE -mP2OPT_disam_type_based_disam=2 -mP2OPT_disam_assume_ansi_c -mP2OPT_checked_disam_ansi_alias=TRUE -mGLOB_ansi_alias -mPGOPTI_value_profile_use=T -mGLOB_opt_report_use_source_name -mPAROPT_openmp=TRUE -mP2OPT_hpo_omp_simd_only=FALSE -mP2OPT_il0_array_sections=TRUE -mGLOB_offload_mode=1 -mGLOB_offload_no_openmp=TRUE -mP2OPT_offload_unique_var_string=icc1487532292G8ndZp -mP2OPT_hlo -mP2OPT_hpo_rtt_control=0 -mIPOPT_args_in_regs=0 -mP2OPT_disam_assume_nonstd_intent_in=FALSE -mGLOB_imf_mapping_library=/opt/intel/oneapi/compiler/2021.4.0/linux/bin/intel64/../../bin/intel64/libiml_attr.so -mPGOPTI_gen_threadsafe_level=0 -mIPOPT_link -mIPOPT_ipo_activate -mIPOPT_mo_activate -mIPOPT_source_files_list=/tmp/iccslisztsnKv -mIPOPT_mo_global_data -mIPOPT_link_script_file=/tmp/iccscriptIcW7bw "-mIPOPT_cmdline_link="/usr/lib/gcc/x86_64-linux-gnu/7/../../../x86_64-linux-gnu/Scrt1.o" "/usr/lib/gcc/x86_64-linux-gnu/7/../../../x86_64-linux-gnu/crti.o" "/usr/lib/gcc/x86_64-linux-gnu/7/crtbeginS.o" "--eh-frame-hdr" "--build-id" "-dynamic-linker" "/lib64/ld-linux-x86-64.so.2" "-m" "elf_x86_64" "-o" "cmTC_2a700" "-L/opt/intel/oneapi/vpl/2021.6.0/lib" "-L/opt/intel/oneapi/tbb/2021.4.0/env/../lib/intel64/gcc4.8" "-L/opt/intel/oneapi/mpi/2021.4.0//libfabric/lib" "-L/opt/intel/oneapi/mpi/2021.4.0//lib/release" "-L/opt/intel/oneapi/mpi/2021.4.0//lib" "-L/opt/intel/oneapi/mkl/2021.4.0/lib/intel64" "-L/opt/intel/oneapi/ipp/2021.4.0/lib/intel64" "-L/opt/intel/oneapi/ippcp/2021.4.0/lib/intel64" "-L/opt/intel/oneapi/ipp/2021.4.0/lib/intel64" "-L/opt/intel/oneapi/dnnl/2021.4.0/cpu_dpcpp_gpu_dpcpp/lib" "-L/opt/intel/oneapi/dal/2021.4.0/lib/intel64" "-L/opt/intel/oneapi/compiler/2021.4.0/linux/compiler/lib/intel64_lin" "-L/opt/intel/oneapi/compiler/2021.4.0/linux/lib" "-L/opt/intel/oneapi/clck/2021.4.0/lib/intel64" "-L/opt/intel/oneapi/ccl/2021.4.0/lib/cpu_gpu_dpcpp" "-L/opt/intel/oneapi/compiler/2021.4.0/linux/bin/intel64/../../compiler/lib/intel64_lin" "-L/opt/intel/oneapi/vpl/2021.6.0/lib/../lib/" "-L/opt/intel/oneapi/mpi/2021.4.0//libfabric/lib/../lib/" "-L/opt/intel/oneapi/mpi/2021.4.0//lib/../lib/" "-L/opt/intel/oneapi/dnnl/2021.4.0/cpu_dpcpp_gpu_dpcpp/lib/../lib/" "-L/opt/intel/oneapi/compiler/2021.4.0/linux/lib/../lib/" "-L/usr/lib/gcc/x86_64-linux-gnu/7/" "-L/usr/lib/gcc/x86_64-linux-gnu/7/../../../x86_64-linux-gnu/" "-L/usr/lib/gcc/x86_64-linux-gnu/7/../../../../lib/" "-L/lib/x86_64-linux-gnu/" "-L/lib/../lib64" "-L/lib/../lib/" "-L/usr/lib/x86_64-linux-gnu/" "-L/usr/lib/../lib/" "-L/opt/intel/oneapi/vpl/2021.6.0/lib/" "-L/opt/intel/oneapi/tbb/2021.4.0/env/../lib/intel64/gcc4.8/" "-L/opt/intel/oneapi/mpi/2021.4.0//libfabric/lib/" "-L/opt/intel/oneapi/mpi/2021.4.0//lib/release/" "-L/opt/intel/oneapi/mpi/2021.4.0//lib/" "-L/opt/intel/oneapi/mkl/2021.4.0/lib/intel64/" "-L/opt/intel/oneapi/ipp/2021.4.0/lib/intel64/" "-L/opt/intel/oneapi/ippcp/2021.4.0/lib/intel64/" "-L/opt/intel/oneapi/dnnl/2021.4.0/cpu_dpcpp_gpu_dpcpp/lib/" "-L/opt/intel/oneapi/dal/2021.4.0/lib/intel64/" "-L/opt/intel/oneapi/compiler/2021.4.0/linux/compiler/lib/intel64_lin/" "-L/opt/intel/oneapi/compiler/2021.4.0/linux/lib/" "-L/opt/intel/oneapi/clck/2021.4.0/lib/intel64/" "-L/opt/intel/oneapi/ccl/2021.4.0/lib/cpu_gpu_dpcpp/" "-L/usr/lib/gcc/x86_64-linux-gnu/7/../../../" "-L/lib64" "-L/lib/" "-L/usr/lib" "CMakeFiles/cmTC_2a700.dir/OpenMPTryFlag.c.o" "-Bdynamic" "-Bstatic" "-limf" "-lsvml" "-lirng" "-Bdynamic" "-lm" "-Bstatic" "-lipgo" "-ldecimal" "-Bdynamic" "-liomp5" "--as-needed" "-lcilkrts" "-lstdc++" "--no-as-needed" "-lgcc" "-lgcc_s" "-Bstatic" "-lirc" "-Bdynamic" "-lpthread" "-Bstatic" "-lsvml" "-Bdynamic" "-lc" "-lgcc" "-lgcc_s" "-Bstatic" "-lirc_s" "-Bdynamic" "-ldl" "-lc" "/usr/lib/gcc/x86_64-linux-gnu/7/crtendS.o" "/usr/lib/gcc/x86_64-linux-gnu/7/../../../x86_64-linux-gnu/crtn.o"" -mIPOPT_il_in_obj -mIPOPT_ipo_activate_warn=FALSE -mIPOPT_obj_output_file_name=/tmp/ipo_iccJr1Z3s.o -mIPOPT_whole_archive_fixup_file_name=/tmp/iccwarchPTGiyx -mGLOB_linker_version=2.30 -mGLOB_linker=ld -mGLOB_driver_tempfile_name=/tmp/icctempfileEEIX0x -mP3OPT_asm_target=P3OPT_ASM_TARGET_GAS -mGLOB_async_unwind_tables=TRUE -mGLOB_obj_output_file=/tmp/ipo_iccJr1Z3s.o -mGLOB_source_dialect=GLOB_SOURCE_DIALECT_NONE -mP1OPT_source_file_name=ipo_out.c CMakeFiles/cmTC_2a700.dir/OpenMPTryFlag.c.o -mIPOPT_object_files=T -mIPOPT_assembly_files=/tmp/iccalisPZ4qXt -mIPOPT_generated_tempfiles=/tmp/iccelisEU89ou -mIPOPT_embedded_object_base_name=/tmp/icceobj3BxTQu -mIPOPT_cmdline_link_new_name=/tmp/iccllissfjDiv
ld    /usr/lib/gcc/x86_64-linux-gnu/7/../../../x86_64-linux-gnu/Scrt1.o /usr/lib/gcc/x86_64-linux-gnu/7/../../../x86_64-linux-gnu/crti.o /usr/lib/gcc/x86_64-linux-gnu/7/crtbeginS.o --eh-frame-hdr --build-id -dynamic-linker /lib64/ld-linux-x86-64.so.2 -m elf_x86_64 -o cmTC_2a700 -L/opt/intel/oneapi/vpl/2021.6.0/lib -L/opt/intel/oneapi/tbb/2021.4.0/env/../lib/intel64/gcc4.8 -L/opt/intel/oneapi/mpi/2021.4.0//libfabric/lib -L/opt/intel/oneapi/mpi/2021.4.0//lib/release -L/opt/intel/oneapi/mpi/2021.4.0//lib -L/opt/intel/oneapi/mkl/2021.4.0/lib/intel64 -L/opt/intel/oneapi/ipp/2021.4.0/lib/intel64 -L/opt/intel/oneapi/ippcp/2021.4.0/lib/intel64 -L/opt/intel/oneapi/ipp/2021.4.0/lib/intel64 -L/opt/intel/oneapi/dnnl/2021.4.0/cpu_dpcpp_gpu_dpcpp/lib -L/opt/intel/oneapi/dal/2021.4.0/lib/intel64 -L/opt/intel/oneapi/compiler/2021.4.0/linux/compiler/lib/intel64_lin -L/opt/intel/oneapi/compiler/2021.4.0/linux/lib -L/opt/intel/oneapi/clck/2021.4.0/lib/intel64 -L/opt/intel/oneapi/ccl/2021.4.0/lib/cpu_gpu_dpcpp -L/opt/intel/oneapi/compiler/2021.4.0/linux/bin/intel64/../../compiler/lib/intel64_lin -L/opt/intel/oneapi/vpl/2021.6.0/lib/../lib/ -L/opt/intel/oneapi/mpi/2021.4.0//libfabric/lib/../lib/ -L/opt/intel/oneapi/mpi/2021.4.0//lib/../lib/ -L/opt/intel/oneapi/dnnl/2021.4.0/cpu_dpcpp_gpu_dpcpp/lib/../lib/ -L/opt/intel/oneapi/compiler/2021.4.0/linux/lib/../lib/ -L/usr/lib/gcc/x86_64-linux-gnu/7/ -L/usr/lib/gcc/x86_64-linux-gnu/7/../../../x86_64-linux-gnu/ -L/usr/lib/gcc/x86_64-linux-gnu/7/../../../../lib/ -L/lib/x86_64-linux-gnu/ -L/lib/../lib64 -L/lib/../lib/ -L/usr/lib/x86_64-linux-gnu/ -L/usr/lib/../lib/ -L/opt/intel/oneapi/vpl/2021.6.0/lib/ -L/opt/intel/oneapi/tbb/2021.4.0/env/../lib/intel64/gcc4.8/ -L/opt/intel/oneapi/mpi/2021.4.0//libfabric/lib/ -L/opt/intel/oneapi/mpi/2021.4.0//lib/release/ -L/opt/intel/oneapi/mpi/2021.4.0//lib/ -L/opt/intel/oneapi/mkl/2021.4.0/lib/intel64/ -L/opt/intel/oneapi/ipp/2021.4.0/lib/intel64/ -L/opt/intel/oneapi/ippcp/2021.4.0/lib/intel64/ -L/opt/intel/oneapi/dnnl/2021.4.0/cpu_dpcpp_gpu_dpcpp/lib/ -L/opt/intel/oneapi/dal/2021.4.0/lib/intel64/ -L/opt/intel/oneapi/compiler/2021.4.0/linux/compiler/lib/intel64_lin/ -L/opt/intel/oneapi/compiler/2021.4.0/linux/lib/ -L/opt/intel/oneapi/clck/2021.4.0/lib/intel64/ -L/opt/intel/oneapi/ccl/2021.4.0/lib/cpu_gpu_dpcpp/ -L/usr/lib/gcc/x86_64-linux-gnu/7/../../../ -L/lib64 -L/lib/ -L/usr/lib CMakeFiles/cmTC_2a700.dir/OpenMPTryFlag.c.o -Bdynamic -Bstatic -limf -lsvml -lirng -Bdynamic -lm -Bstatic -lipgo -ldecimal -Bdynamic -liomp5 --as-needed -lcilkrts -lstdc++ --no-as-needed -lgcc -lgcc_s -Bstatic -lirc -Bdynamic -lpthread -Bstatic -lsvml -Bdynamic -lc -lgcc -lgcc_s -Bstatic -lirc_s -Bdynamic -ldl -lc /usr/lib/gcc/x86_64-linux-gnu/7/crtendS.o /usr/lib/gcc/x86_64-linux-gnu/7/../../../x86_64-linux-gnu/crtn.o


Parsed C OpenMP implicit link information from above output:
  link line regex: [^( *|.*[/\])(ld|CMAKE_LINK_STARTFILE-NOTFOUND|([^/\]+-)?ld|collect2)[^/\]*( |$)]
  ignore line: [Change Dir: /home/changyu/codes/LPM-C/build/CMakeFiles/CMakeTmp]
  ignore line: []
  ignore line: [Run Build Command:"/usr/bin/ninja" "cmTC_2a700"]
  ignore line: [[1/2] Building C object CMakeFiles/cmTC_2a700.dir/OpenMPTryFlag.c.o]
  ignore line: [icc version 2021.4.0 (gcc version 7.5.0 compatibility)]
  ignore line: [/opt/intel/oneapi/compiler/2021.4.0/linux/bin/intel64/../../bin/intel64/mcpcom    --target_efi2 --lang=c -oCMakeFiles/cmTC_2a700.dir/OpenMPTryFlag.c.o -_g -mP3OPT_inline_alloca -D__ICC=2021 -D__INTEL_COMPILER=2021 -D__INTEL_COMPILER_UPDATE=4 -D__PTRDIFF_TYPE__=long "-D__SIZE_TYPE__=unsigned long" -D__WCHAR_TYPE__=int "-D__WINT_TYPE__=unsigned int" "-D__INTMAX_TYPE__=long int" "-D__UINTMAX_TYPE__=long unsigned int" -D__LONG_MAX__=9223372036854775807L -D__QMSPP_ -D__OPTIMIZE__ -D__NO_MATH_INLINES -D__NO_STRING_INLINES -D__GNUC_GNU_INLINE__ -D__GNUC__=7 -D__GNUC_MINOR__=5 -D__GNUC_PATCHLEVEL__=0 -D__LP64__ -D_LP64 -D__GXX_ABI_VERSION=1010 "-D__USER_LABEL_PREFIX__= " -D__REGISTER_PREFIX__= -D__INTEL_RTTI__ -D__unix__ -D__unix -D__linux__ -D__linux -D__gnu_linux__ -B -Dunix -Dlinux "-_Asystem(unix)" -D__ELF__ -D__x86_64 -D__x86_64__ -D__amd64 -D__amd64__ "-_Acpu(x86_64)" "-_Amachine(x86_64)" -D__INTEL_COMPILER_BUILD_DATE=20210910 -D_OPENMP=201611 -D__INTEL_OFFLOAD -D__MMX__ -D__SSE__ -D__SSE_MATH__ -D__SSE2__ -D__SSE2_MATH__ -D__pentium4 -D__pentium4__ -D__tune_pentium4__ -_k -_8 -_l --has_new_stdarg_support -_a -_b --gnu_version=70500 -_W5 --openmp --openmp_tasks --openmp_simd --noopenmp_offload --dependency_file_name CMakeFiles/cmTC_2a700.dir/OpenMPTryFlag.c.o.d --compile_dependencies --dependency_target_name CMakeFiles/cmTC_2a700.dir/OpenMPTryFlag.c.o --multibyte_chars -mGLOB_diag_suppress_sys --system_preinclude /usr/include/stdc-predef.h -I/opt/intel/oneapi/vpl/2021.6.0/include -I/opt/intel/oneapi/tbb/2021.4.0/env/../include -I/opt/intel/oneapi/mpi/2021.4.0//include -I/opt/intel/oneapi/mkl/2021.4.0/include -I/opt/intel/oneapi/ipp/2021.4.0/include -I/opt/intel/oneapi/ippcp/2021.4.0/include -I/opt/intel/oneapi/ipp/2021.4.0/include -I/opt/intel/oneapi/dpl/2021.5.0/linux/include -I/opt/intel/oneapi/dpcpp-ct/2021.4.0/include -I/opt/intel/oneapi/dnnl/2021.4.0/cpu_dpcpp_gpu_dpcpp/lib -I/opt/intel/oneapi/dev-utilities/2021.4.0/include -I/opt/intel/oneapi/dal/2021.4.0/include -I/opt/intel/oneapi/compiler/2021.4.0/linux/include -I/opt/intel/oneapi/ccl/2021.4.0/include/cpu_gpu_dpcpp --array_section --simd --simd_func --offload_mode=1 --offload_target_names=mic,MIC --offload_unique_string=icc1196637708au2Vvk -mGLOB_em64t=TRUE -mP1OPT_version=2021.4.0-intel64 -mGLOB_diag_file=CMakeFiles/cmTC_2a700.dir/OpenMPTryFlag.c.diag -mGLOB_long_size_64 -mGLOB_routine_pointer_size_64 -mP1OPT_print_version=FALSE -mCG_use_gas_got_workaround=F -mP2OPT_align_option_used=TRUE -mGLOB_gcc_version=750 "-mGLOB_options_string=-qopenmp -v -MD -MT CMakeFiles/cmTC_2a700.dir/OpenMPTryFlag.c.o -MF CMakeFiles/cmTC_2a700.dir/OpenMPTryFlag.c.o.d -o CMakeFiles/cmTC_2a700.dir/OpenMPTryFlag.c.o -c" -mGLOB_cxx_limited_range=FALSE -mCG_extend_parms=FALSE -mGLOB_compiler_bin_directory=/opt/intel/oneapi/compiler/2021.4.0/linux/bin/intel64/../../bin/intel64 -mGLOB_as_output_backup_file_name=/tmp/iccM45Zclas_.s -mIPOPT_activate -mIPOPT_lite -mGLOB_uarch_tuning=0x0 -mGLOB_product_id_code=0x22006d93 -mCG_bnl_movbe=T -mP3OPT_use_mspp_call_convention -mP2OPT_subs_out_of_bound=FALSE -mP2OPT_disam_type_based_disam=2 -mP2OPT_disam_assume_ansi_c -mP2OPT_checked_disam_ansi_alias=TRUE -mGLOB_ansi_alias -mPGOPTI_value_profile_use=T -mPAROPT_openmp=TRUE -mP2OPT_hpo_omp_simd_only=FALSE -mP2OPT_il0_array_sections=TRUE -mGLOB_offload_mode=1 -mGLOB_offload_no_openmp=TRUE -mP2OPT_offload_unique_var_string=icc1196637708au2Vvk -mP2OPT_hlo_level=2 -mP2OPT_hlo -mP2OPT_hpo_rtt_control=0 -mIPOPT_args_in_regs=0 -mP2OPT_disam_assume_nonstd_intent_in=FALSE -mGLOB_imf_mapping_library=/opt/intel/oneapi/compiler/2021.4.0/linux/bin/intel64/../../bin/intel64/libiml_attr.so -mPGOPTI_gen_threadsafe_level=0 -mIPOPT_lto_object_enabled -mIPOPT_lto_object_value=1 -mIPOPT_obj_output_file_name=CMakeFiles/cmTC_2a700.dir/OpenMPTryFlag.c.o -mIPOPT_whole_archive_fixup_file_name=/tmp/iccwarchLWvUGl -mGLOB_linker_version=2.30 -mGLOB_linker=ld -mGLOB_driver_tempfile_name=/tmp/icctempfile5co9Vl -mP3OPT_asm_target=P3OPT_ASM_TARGET_GAS -mGLOB_async_unwind_tables=TRUE -mGLOB_obj_output_file=CMakeFiles/cmTC_2a700.dir/OpenMPTryFlag.c.o -mGLOB_source_dialect=GLOB_SOURCE_DIALECT_C -mP1OPT_source_file_name=/home/changyu/codes/LPM-C/build/CMakeFiles/FindOpenMP/OpenMPTryFlag.c -mP1OPT_full_source_file_name=/home/changyu/codes/LPM-C/build/CMakeFiles/FindOpenMP/OpenMPTryFlag.c /home/changyu/codes/LPM-C/build/CMakeFiles/FindOpenMP/OpenMPTryFlag.c]
  ignore line: [#include "..." search starts here:]
  ignore line: [#include <...> search starts here:]
  ignore line: [ /opt/intel/oneapi/vpl/2021.6.0/include]
  ignore line: [ /opt/intel/oneapi/tbb/2021.4.0/env/../include]
  ignore line: [ /opt/intel/oneapi/mpi/2021.4.0//include]
  ignore line: [ /opt/intel/oneapi/mkl/2021.4.0/include]
  ignore line: [ /opt/intel/oneapi/ipp/2021.4.0/include]
  ignore line: [ /opt/intel/oneapi/ippcp/2021.4.0/include]
  ignore line: [ /opt/intel/oneapi/ipp/2021.4.0/include]
  ignore line: [ /opt/intel/oneapi/dpl/2021.5.0/linux/include]
  ignore line: [ /opt/intel/oneapi/dpcpp-ct/2021.4.0/include]
  ignore line: [ /opt/intel/oneapi/dnnl/2021.4.0/cpu_dpcpp_gpu_dpcpp/lib]
  ignore line: [ /opt/intel/oneapi/dev-utilities/2021.4.0/include]
  ignore line: [ /opt/intel/oneapi/dal/2021.4.0/include]
  ignore line: [ /opt/intel/oneapi/compiler/2021.4.0/linux/include]
  ignore line: [ /opt/intel/oneapi/ccl/2021.4.0/include/cpu_gpu_dpcpp]
  ignore line: [ /opt/intel/oneapi/compiler/2021.4.0/linux/bin/intel64/../../compiler/include/intel64]
  ignore line: [ /opt/intel/oneapi/compiler/2021.4.0/linux/bin/intel64/../../compiler/include/icc]
  ignore line: [ /opt/intel/oneapi/compiler/2021.4.0/linux/bin/intel64/../../compiler/include]
  ignore line: [ /usr/local/include]
  ignore line: [ /usr/lib/gcc/x86_64-linux-gnu/7/include]
  ignore line: [ /usr/lib/gcc/x86_64-linux-gnu/7/include-fixed]
  ignore line: [ /usr/include/]
  ignore line: [ /usr/include]
  ignore line: [ /usr/include/x86_64-linux-gnu]
  ignore line: [End of search list.]
  ignore line: [[2/2] Linking C executable cmTC_2a700]
  ignore line: [icc version 2021.4.0 (gcc version 7.5.0 compatibility)]
  ignore line: [/opt/intel/oneapi/compiler/2021.4.0/linux/bin/intel64/../../bin/intel64/mcpcom    -mGLOB_em64t=TRUE -mP1OPT_version=2021.4.0-intel64 -mGLOB_diag_file=CMakeFiles/cmTC_2a700.dir/OpenMPTryFlag.c.diag -mGLOB_long_size_64 -mGLOB_routine_pointer_size_64 -mP1OPT_print_version=FALSE -mCG_use_gas_got_workaround=F -mP2OPT_align_option_used=TRUE -mGLOB_gcc_version=750 "-mGLOB_options_string=-qopenmp -v -o cmTC_2a700 -v" -mGLOB_cxx_limited_range=FALSE -mCG_extend_parms=FALSE -mGLOB_compiler_bin_directory=/opt/intel/oneapi/compiler/2021.4.0/linux/bin/intel64/../../bin/intel64 -mGLOB_as_output_backup_file_name=/tmp/iccXiPSDwas_.s -mGLOB_dashboard_use_source_name -mIPOPT_activate -mGLOB_product_id_code=0x22006d93 -mP3OPT_use_mspp_call_convention -mP2OPT_subs_out_of_bound=FALSE -mP2OPT_disam_type_based_disam=2 -mP2OPT_disam_assume_ansi_c -mP2OPT_checked_disam_ansi_alias=TRUE -mGLOB_ansi_alias -mPGOPTI_value_profile_use=T -mGLOB_opt_report_use_source_name -mPAROPT_openmp=TRUE -mP2OPT_hpo_omp_simd_only=FALSE -mP2OPT_il0_array_sections=TRUE -mGLOB_offload_mode=1 -mGLOB_offload_no_openmp=TRUE -mP2OPT_offload_unique_var_string=icc1487532292G8ndZp -mP2OPT_hlo -mP2OPT_hpo_rtt_control=0 -mIPOPT_args_in_regs=0 -mP2OPT_disam_assume_nonstd_intent_in=FALSE -mGLOB_imf_mapping_library=/opt/intel/oneapi/compiler/2021.4.0/linux/bin/intel64/../../bin/intel64/libiml_attr.so -mPGOPTI_gen_threadsafe_level=0 -mIPOPT_link -mIPOPT_ipo_activate -mIPOPT_mo_activate -mIPOPT_source_files_list=/tmp/iccslisztsnKv -mIPOPT_mo_global_data -mIPOPT_link_script_file=/tmp/iccscriptIcW7bw "-mIPOPT_cmdline_link="/usr/lib/gcc/x86_64-linux-gnu/7/../../../x86_64-linux-gnu/Scrt1.o" "/usr/lib/gcc/x86_64-linux-gnu/7/../../../x86_64-linux-gnu/crti.o" "/usr/lib/gcc/x86_64-linux-gnu/7/crtbeginS.o" "--eh-frame-hdr" "--build-id" "-dynamic-linker" "/lib64/ld-linux-x86-64.so.2" "-m" "elf_x86_64" "-o" "cmTC_2a700" "-L/opt/intel/oneapi/vpl/2021.6.0/lib" "-L/opt/intel/oneapi/tbb/2021.4.0/env/../lib/intel64/gcc4.8" "-L/opt/intel/oneapi/mpi/2021.4.0//libfabric/lib" "-L/opt/intel/oneapi/mpi/2021.4.0//lib/release" "-L/opt/intel/oneapi/mpi/2021.4.0//lib" "-L/opt/intel/oneapi/mkl/2021.4.0/lib/intel64" "-L/opt/intel/oneapi/ipp/2021.4.0/lib/intel64" "-L/opt/intel/oneapi/ippcp/2021.4.0/lib/intel64" "-L/opt/intel/oneapi/ipp/2021.4.0/lib/intel64" "-L/opt/intel/oneapi/dnnl/2021.4.0/cpu_dpcpp_gpu_dpcpp/lib" "-L/opt/intel/oneapi/dal/2021.4.0/lib/intel64" "-L/opt/intel/oneapi/compiler/2021.4.0/linux/compiler/lib/intel64_lin" "-L/opt/intel/oneapi/compiler/2021.4.0/linux/lib" "-L/opt/intel/oneapi/clck/2021.4.0/lib/intel64" "-L/opt/intel/oneapi/ccl/2021.4.0/lib/cpu_gpu_dpcpp" "-L/opt/intel/oneapi/compiler/2021.4.0/linux/bin/intel64/../../compiler/lib/intel64_lin" "-L/opt/intel/oneapi/vpl/2021.6.0/lib/../lib/" "-L/opt/intel/oneapi/mpi/2021.4.0//libfabric/lib/../lib/" "-L/opt/intel/oneapi/mpi/2021.4.0//lib/../lib/" "-L/opt/intel/oneapi/dnnl/2021.4.0/cpu_dpcpp_gpu_dpcpp/lib/../lib/" "-L/opt/intel/oneapi/compiler/2021.4.0/linux/lib/../lib/" "-L/usr/lib/gcc/x86_64-linux-gnu/7/" "-L/usr/lib/gcc/x86_64-linux-gnu/7/../../../x86_64-linux-gnu/" "-L/usr/lib/gcc/x86_64-linux-gnu/7/../../../../lib/" "-L/lib/x86_64-linux-gnu/" "-L/lib/../lib64" "-L/lib/../lib/" "-L/usr/lib/x86_64-linux-gnu/" "-L/usr/lib/../lib/" "-L/opt/intel/oneapi/vpl/2021.6.0/lib/" "-L/opt/intel/oneapi/tbb/2021.4.0/env/../lib/intel64/gcc4.8/" "-L/opt/intel/oneapi/mpi/2021.4.0//libfabric/lib/" "-L/opt/intel/oneapi/mpi/2021.4.0//lib/release/" "-L/opt/intel/oneapi/mpi/2021.4.0//lib/" "-L/opt/intel/oneapi/mkl/2021.4.0/lib/intel64/" "-L/opt/intel/oneapi/ipp/2021.4.0/lib/intel64/" "-L/opt/intel/oneapi/ippcp/2021.4.0/lib/intel64/" "-L/opt/intel/oneapi/dnnl/2021.4.0/cpu_dpcpp_gpu_dpcpp/lib/" "-L/opt/intel/oneapi/dal/2021.4.0/lib/intel64/" "-L/opt/intel/oneapi/compiler/2021.4.0/linux/compiler/lib/intel64_lin/" "-L/opt/intel/oneapi/compiler/2021.4.0/linux/lib/" "-L/opt/intel/oneapi/clck/2021.4.0/lib/intel64/" "-L/opt/intel/oneapi/ccl/2021.4.0/lib/cpu_gpu_dpcpp/" "-L/usr/lib/gcc/x86_64-linux-gnu/7/../../../" "-L/lib64" "-L/lib/" "-L/usr/lib" "CMakeFiles/cmTC_2a700.dir/OpenMPTryFlag.c.o" "-Bdynamic" "-Bstatic" "-limf" "-lsvml" "-lirng" "-Bdynamic" "-lm" "-Bstatic" "-lipgo" "-ldecimal" "-Bdynamic" "-liomp5" "--as-needed" "-lcilkrts" "-lstdc++" "--no-as-needed" "-lgcc" "-lgcc_s" "-Bstatic" "-lirc" "-Bdynamic" "-lpthread" "-Bstatic" "-lsvml" "-Bdynamic" "-lc" "-lgcc" "-lgcc_s" "-Bstatic" "-lirc_s" "-Bdynamic" "-ldl" "-lc" "/usr/lib/gcc/x86_64-linux-gnu/7/crtendS.o" "/usr/lib/gcc/x86_64-linux-gnu/7/../../../x86_64-linux-gnu/crtn.o"" -mIPOPT_il_in_obj -mIPOPT_ipo_activate_warn=FALSE -mIPOPT_obj_output_file_name=/tmp/ipo_iccJr1Z3s.o -mIPOPT_whole_archive_fixup_file_name=/tmp/iccwarchPTGiyx -mGLOB_linker_version=2.30 -mGLOB_linker=ld -mGLOB_driver_tempfile_name=/tmp/icctempfileEEIX0x -mP3OPT_asm_target=P3OPT_ASM_TARGET_GAS -mGLOB_async_unwind_tables=TRUE -mGLOB_obj_output_file=/tmp/ipo_iccJr1Z3s.o -mGLOB_source_dialect=GLOB_SOURCE_DIALECT_NONE -mP1OPT_source_file_name=ipo_out.c CMakeFiles/cmTC_2a700.dir/OpenMPTryFlag.c.o -mIPOPT_object_files=T -mIPOPT_assembly_files=/tmp/iccalisPZ4qXt -mIPOPT_generated_tempfiles=/tmp/iccelisEU89ou -mIPOPT_embedded_object_base_name=/tmp/icceobj3BxTQu -mIPOPT_cmdline_link_new_name=/tmp/iccllissfjDiv]
  link line: [ld    /usr/lib/gcc/x86_64-linux-gnu/7/../../../x86_64-linux-gnu/Scrt1.o /usr/lib/gcc/x86_64-linux-gnu/7/../../../x86_64-linux-gnu/crti.o /usr/lib/gcc/x86_64-linux-gnu/7/crtbeginS.o --eh-frame-hdr --build-id -dynamic-linker /lib64/ld-linux-x86-64.so.2 -m elf_x86_64 -o cmTC_2a700 -L/opt/intel/oneapi/vpl/2021.6.0/lib -L/opt/intel/oneapi/tbb/2021.4.0/env/../lib/intel64/gcc4.8 -L/opt/intel/oneapi/mpi/2021.4.0//libfabric/lib -L/opt/intel/oneapi/mpi/2021.4.0//lib/release -L/opt/intel/oneapi/mpi/2021.4.0//lib -L/opt/intel/oneapi/mkl/2021.4.0/lib/intel64 -L/opt/intel/oneapi/ipp/2021.4.0/lib/intel64 -L/opt/intel/oneapi/ippcp/2021.4.0/lib/intel64 -L/opt/intel/oneapi/ipp/2021.4.0/lib/intel64 -L/opt/intel/oneapi/dnnl/2021.4.0/cpu_dpcpp_gpu_dpcpp/lib -L/opt/intel/oneapi/dal/2021.4.0/lib/intel64 -L/opt/intel/oneapi/compiler/2021.4.0/linux/compiler/lib/intel64_lin -L/opt/intel/oneapi/compiler/2021.4.0/linux/lib -L/opt/intel/oneapi/clck/2021.4.0/lib/intel64 -L/opt/intel/oneapi/ccl/2021.4.0/lib/cpu_gpu_dpcpp -L/opt/intel/oneapi/compiler/2021.4.0/linux/bin/intel64/../../compiler/lib/intel64_lin -L/opt/intel/oneapi/vpl/2021.6.0/lib/../lib/ -L/opt/intel/oneapi/mpi/2021.4.0//libfabric/lib/../lib/ -L/opt/intel/oneapi/mpi/2021.4.0//lib/../lib/ -L/opt/intel/oneapi/dnnl/2021.4.0/cpu_dpcpp_gpu_dpcpp/lib/../lib/ -L/opt/intel/oneapi/compiler/2021.4.0/linux/lib/../lib/ -L/usr/lib/gcc/x86_64-linux-gnu/7/ -L/usr/lib/gcc/x86_64-linux-gnu/7/../../../x86_64-linux-gnu/ -L/usr/lib/gcc/x86_64-linux-gnu/7/../../../../lib/ -L/lib/x86_64-linux-gnu/ -L/lib/../lib64 -L/lib/../lib/ -L/usr/lib/x86_64-linux-gnu/ -L/usr/lib/../lib/ -L/opt/intel/oneapi/vpl/2021.6.0/lib/ -L/opt/intel/oneapi/tbb/2021.4.0/env/../lib/intel64/gcc4.8/ -L/opt/intel/oneapi/mpi/2021.4.0//libfabric/lib/ -L/opt/intel/oneapi/mpi/2021.4.0//lib/release/ -L/opt/intel/oneapi/mpi/2021.4.0//lib/ -L/opt/intel/oneapi/mkl/2021.4.0/lib/intel64/ -L/opt/intel/oneapi/ipp/2021.4.0/lib/intel64/ -L/opt/intel/oneapi/ippcp/2021.4.0/lib/intel64/ -L/opt/intel/oneapi/dnnl/2021.4.0/cpu_dpcpp_gpu_dpcpp/lib/ -L/opt/intel/oneapi/dal/2021.4.0/lib/intel64/ -L/opt/intel/oneapi/compiler/2021.4.0/linux/compiler/lib/intel64_lin/ -L/opt/intel/oneapi/compiler/2021.4.0/linux/lib/ -L/opt/intel/oneapi/clck/2021.4.0/lib/intel64/ -L/opt/intel/oneapi/ccl/2021.4.0/lib/cpu_gpu_dpcpp/ -L/usr/lib/gcc/x86_64-linux-gnu/7/../../../ -L/lib64 -L/lib/ -L/usr/lib CMakeFiles/cmTC_2a700.dir/OpenMPTryFlag.c.o -Bdynamic -Bstatic -limf -lsvml -lirng -Bdynamic -lm -Bstatic -lipgo -ldecimal -Bdynamic -liomp5 --as-needed -lcilkrts -lstdc++ --no-as-needed -lgcc -lgcc_s -Bstatic -lirc -Bdynamic -lpthread -Bstatic -lsvml -Bdynamic -lc -lgcc -lgcc_s -Bstatic -lirc_s -Bdynamic -ldl -lc /usr/lib/gcc/x86_64-linux-gnu/7/crtendS.o /usr/lib/gcc/x86_64-linux-gnu/7/../../../x86_64-linux-gnu/crtn.o]
    arg [ld] ==> ignore
    arg [/usr/lib/gcc/x86_64-linux-gnu/7/../../../x86_64-linux-gnu/Scrt1.o] ==> ignore
    arg [/usr/lib/gcc/x86_64-linux-gnu/7/../../../x86_64-linux-gnu/crti.o] ==> ignore
    arg [/usr/lib/gcc/x86_64-linux-gnu/7/crtbeginS.o] ==> ignore
    arg [--eh-frame-hdr] ==> ignore
    arg [--build-id] ==> ignore
    arg [-dynamic-linker] ==> ignore
    arg [/lib64/ld-linux-x86-64.so.2] ==> ignore
    arg [-m] ==> ignore
    arg [elf_x86_64] ==> ignore
    arg [-o] ==> ignore
    arg [cmTC_2a700] ==> ignore
    arg [-L/opt/intel/oneapi/vpl/2021.6.0/lib] ==> dir [/opt/intel/oneapi/vpl/2021.6.0/lib]
    arg [-L/opt/intel/oneapi/tbb/2021.4.0/env/../lib/intel64/gcc4.8] ==> dir [/opt/intel/oneapi/tbb/2021.4.0/env/../lib/intel64/gcc4.8]
    arg [-L/opt/intel/oneapi/mpi/2021.4.0//libfabric/lib] ==> dir [/opt/intel/oneapi/mpi/2021.4.0//libfabric/lib]
    arg [-L/opt/intel/oneapi/mpi/2021.4.0//lib/release] ==> dir [/opt/intel/oneapi/mpi/2021.4.0//lib/release]
    arg [-L/opt/intel/oneapi/mpi/2021.4.0//lib] ==> dir [/opt/intel/oneapi/mpi/2021.4.0//lib]
    arg [-L/opt/intel/oneapi/mkl/2021.4.0/lib/intel64] ==> dir [/opt/intel/oneapi/mkl/2021.4.0/lib/intel64]
    arg [-L/opt/intel/oneapi/ipp/2021.4.0/lib/intel64] ==> dir [/opt/intel/oneapi/ipp/2021.4.0/lib/intel64]
    arg [-L/opt/intel/oneapi/ippcp/2021.4.0/lib/intel64] ==> dir [/opt/intel/oneapi/ippcp/2021.4.0/lib/intel64]
    arg [-L/opt/intel/oneapi/ipp/2021.4.0/lib/intel64] ==> dir [/opt/intel/oneapi/ipp/2021.4.0/lib/intel64]
    arg [-L/opt/intel/oneapi/dnnl/2021.4.0/cpu_dpcpp_gpu_dpcpp/lib] ==> dir [/opt/intel/oneapi/dnnl/2021.4.0/cpu_dpcpp_gpu_dpcpp/lib]
    arg [-L/opt/intel/oneapi/dal/2021.4.0/lib/intel64] ==> dir [/opt/intel/oneapi/dal/2021.4.0/lib/intel64]
    arg [-L/opt/intel/oneapi/compiler/2021.4.0/linux/compiler/lib/intel64_lin] ==> dir [/opt/intel/oneapi/compiler/2021.4.0/linux/compiler/lib/intel64_lin]
    arg [-L/opt/intel/oneapi/compiler/2021.4.0/linux/lib] ==> dir [/opt/intel/oneapi/compiler/2021.4.0/linux/lib]
    arg [-L/opt/intel/oneapi/clck/2021.4.0/lib/intel64] ==> dir [/opt/intel/oneapi/clck/2021.4.0/lib/intel64]
    arg [-L/opt/intel/oneapi/ccl/2021.4.0/lib/cpu_gpu_dpcpp] ==> dir [/opt/intel/oneapi/ccl/2021.4.0/lib/cpu_gpu_dpcpp]
    arg [-L/opt/intel/oneapi/compiler/2021.4.0/linux/bin/intel64/../../compiler/lib/intel64_lin] ==> dir [/opt/intel/oneapi/compiler/2021.4.0/linux/bin/intel64/../../compiler/lib/intel64_lin]
    arg [-L/opt/intel/oneapi/vpl/2021.6.0/lib/../lib/] ==> dir [/opt/intel/oneapi/vpl/2021.6.0/lib/../lib/]
    arg [-L/opt/intel/oneapi/mpi/2021.4.0//libfabric/lib/../lib/] ==> dir [/opt/intel/oneapi/mpi/2021.4.0//libfabric/lib/../lib/]
    arg [-L/opt/intel/oneapi/mpi/2021.4.0//lib/../lib/] ==> dir [/opt/intel/oneapi/mpi/2021.4.0//lib/../lib/]
    arg [-L/opt/intel/oneapi/dnnl/2021.4.0/cpu_dpcpp_gpu_dpcpp/lib/../lib/] ==> dir [/opt/intel/oneapi/dnnl/2021.4.0/cpu_dpcpp_gpu_dpcpp/lib/../lib/]
    arg [-L/opt/intel/oneapi/compiler/2021.4.0/linux/lib/../lib/] ==> dir [/opt/intel/oneapi/compiler/2021.4.0/linux/lib/../lib/]
    arg [-L/usr/lib/gcc/x86_64-linux-gnu/7/] ==> dir [/usr/lib/gcc/x86_64-linux-gnu/7/]
    arg [-L/usr/lib/gcc/x86_64-linux-gnu/7/../../../x86_64-linux-gnu/] ==> dir [/usr/lib/gcc/x86_64-linux-gnu/7/../../../x86_64-linux-gnu/]
    arg [-L/usr/lib/gcc/x86_64-linux-gnu/7/../../../../lib/] ==> dir [/usr/lib/gcc/x86_64-linux-gnu/7/../../../../lib/]
    arg [-L/lib/x86_64-linux-gnu/] ==> dir [/lib/x86_64-linux-gnu/]
    arg [-L/lib/../lib64] ==> dir [/lib/../lib64]
    arg [-L/lib/../lib/] ==> dir [/lib/../lib/]
    arg [-L/usr/lib/x86_64-linux-gnu/] ==> dir [/usr/lib/x86_64-linux-gnu/]
    arg [-L/usr/lib/../lib/] ==> dir [/usr/lib/../lib/]
    arg [-L/opt/intel/oneapi/vpl/2021.6.0/lib/] ==> dir [/opt/intel/oneapi/vpl/2021.6.0/lib/]
    arg [-L/opt/intel/oneapi/tbb/2021.4.0/env/../lib/intel64/gcc4.8/] ==> dir [/opt/intel/oneapi/tbb/2021.4.0/env/../lib/intel64/gcc4.8/]
    arg [-L/opt/intel/oneapi/mpi/2021.4.0//libfabric/lib/] ==> dir [/opt/intel/oneapi/mpi/2021.4.0//libfabric/lib/]
    arg [-L/opt/intel/oneapi/mpi/2021.4.0//lib/release/] ==> dir [/opt/intel/oneapi/mpi/2021.4.0//lib/release/]
    arg [-L/opt/intel/oneapi/mpi/2021.4.0//lib/] ==> dir [/opt/intel/oneapi/mpi/2021.4.0//lib/]
    arg [-L/opt/intel/oneapi/mkl/2021.4.0/lib/intel64/] ==> dir [/opt/intel/oneapi/mkl/2021.4.0/lib/intel64/]
    arg [-L/opt/intel/oneapi/ipp/2021.4.0/lib/intel64/] ==> dir [/opt/intel/oneapi/ipp/2021.4.0/lib/intel64/]
    arg [-L/opt/intel/oneapi/ippcp/2021.4.0/lib/intel64/] ==> dir [/opt/intel/oneapi/ippcp/2021.4.0/lib/intel64/]
    arg [-L/opt/intel/oneapi/dnnl/2021.4.0/cpu_dpcpp_gpu_dpcpp/lib/] ==> dir [/opt/intel/oneapi/dnnl/2021.4.0/cpu_dpcpp_gpu_dpcpp/lib/]
    arg [-L/opt/intel/oneapi/dal/2021.4.0/lib/intel64/] ==> dir [/opt/intel/oneapi/dal/2021.4.0/lib/intel64/]
    arg [-L/opt/intel/oneapi/compiler/2021.4.0/linux/compiler/lib/intel64_lin/] ==> dir [/opt/intel/oneapi/compiler/2021.4.0/linux/compiler/lib/intel64_lin/]
    arg [-L/opt/intel/oneapi/compiler/2021.4.0/linux/lib/] ==> dir [/opt/intel/oneapi/compiler/2021.4.0/linux/lib/]
    arg [-L/opt/intel/oneapi/clck/2021.4.0/lib/intel64/] ==> dir [/opt/intel/oneapi/clck/2021.4.0/lib/intel64/]
    arg [-L/opt/intel/oneapi/ccl/2021.4.0/lib/cpu_gpu_dpcpp/] ==> dir [/opt/intel/oneapi/ccl/2021.4.0/lib/cpu_gpu_dpcpp/]
    arg [-L/usr/lib/gcc/x86_64-linux-gnu/7/../../../] ==> dir [/usr/lib/gcc/x86_64-linux-gnu/7/../../../]
    arg [-L/lib64] ==> dir [/lib64]
    arg [-L/lib/] ==> dir [/lib/]
    arg [-L/usr/lib] ==> dir [/usr/lib]
    arg [CMakeFiles/cmTC_2a700.dir/OpenMPTryFlag.c.o] ==> ignore
    arg [-Bdynamic] ==> ignore
    arg [-Bstatic] ==> ignore
    arg [-limf] ==> lib [imf]
    arg [-lsvml] ==> lib [svml]
    arg [-lirng] ==> lib [irng]
    arg [-Bdynamic] ==> ignore
    arg [-lm] ==> lib [m]
    arg [-Bstatic] ==> ignore
    arg [-lipgo] ==> lib [ipgo]
    arg [-ldecimal] ==> lib [decimal]
    arg [-Bdynamic] ==> ignore
    arg [-liomp5] ==> lib [iomp5]
    arg [--as-needed] ==> ignore
    arg [-lcilkrts] ==> lib [cilkrts]
    arg [-lstdc++] ==> lib [stdc++]
    arg [--no-as-needed] ==> ignore
    arg [-lgcc] ==> lib [gcc]
    arg [-lgcc_s] ==> lib [gcc_s]
    arg [-Bstatic] ==> ignore
    arg [-lirc] ==> lib [irc]
    arg [-Bdynamic] ==> ignore
    arg [-lpthread] ==> lib [pthread]
    arg [-Bstatic] ==> ignore
    arg [-lsvml] ==> lib [svml]
    arg [-Bdynamic] ==> ignore
    arg [-lc] ==> lib [c]
    arg [-lgcc] ==> lib [gcc]
    arg [-lgcc_s] ==> lib [gcc_s]
    arg [-Bstatic] ==> ignore
    arg [-lirc_s] ==> lib [irc_s]
    arg [-Bdynamic] ==> ignore
    arg [-ldl] ==> lib [dl]
    arg [-lc] ==> lib [c]
    arg [/usr/lib/gcc/x86_64-linux-gnu/7/crtendS.o] ==> ignore
    arg [/usr/lib/gcc/x86_64-linux-gnu/7/../../../x86_64-linux-gnu/crtn.o] ==> ignore
  collapse library dir [/opt/intel/oneapi/vpl/2021.6.0/lib] ==> [/opt/intel/oneapi/vpl/2021.6.0/lib]
  collapse library dir [/opt/intel/oneapi/tbb/2021.4.0/env/../lib/intel64/gcc4.8] ==> [/opt/intel/oneapi/tbb/2021.4.0/lib/intel64/gcc4.8]
  collapse library dir [/opt/intel/oneapi/mpi/2021.4.0//libfabric/lib] ==> [/opt/intel/oneapi/mpi/2021.4.0/libfabric/lib]
  collapse library dir [/opt/intel/oneapi/mpi/2021.4.0//lib/release] ==> [/opt/intel/oneapi/mpi/2021.4.0/lib/release]
  collapse library dir [/opt/intel/oneapi/mpi/2021.4.0//lib] ==> [/opt/intel/oneapi/mpi/2021.4.0/lib]
  collapse library dir [/opt/intel/oneapi/mkl/2021.4.0/lib/intel64] ==> [/opt/intel/oneapi/mkl/2021.4.0/lib/intel64]
  collapse library dir [/opt/intel/oneapi/ipp/2021.4.0/lib/intel64] ==> [/opt/intel/oneapi/ipp/2021.4.0/lib/intel64]
  collapse library dir [/opt/intel/oneapi/ippcp/2021.4.0/lib/intel64] ==> [/opt/intel/oneapi/ippcp/2021.4.0/lib/intel64]
  collapse library dir [/opt/intel/oneapi/ipp/2021.4.0/lib/intel64] ==> [/opt/intel/oneapi/ipp/2021.4.0/lib/intel64]
  collapse library dir [/opt/intel/oneapi/dnnl/2021.4.0/cpu_dpcpp_gpu_dpcpp/lib] ==> [/opt/intel/oneapi/dnnl/2021.4.0/cpu_dpcpp_gpu_dpcpp/lib]
  collapse library dir [/opt/intel/oneapi/dal/2021.4.0/lib/intel64] ==> [/opt/intel/oneapi/dal/2021.4.0/lib/intel64]
  collapse library dir [/opt/intel/oneapi/compiler/2021.4.0/linux/compiler/lib/intel64_lin] ==> [/opt/intel/oneapi/compiler/2021.4.0/linux/compiler/lib/intel64_lin]
  collapse library dir [/opt/intel/oneapi/compiler/2021.4.0/linux/lib] ==> [/opt/intel/oneapi/compiler/2021.4.0/linux/lib]
  collapse library dir [/opt/intel/oneapi/clck/2021.4.0/lib/intel64] ==> [/opt/intel/oneapi/clck/2021.4.0/lib/intel64]
  collapse library dir [/opt/intel/oneapi/ccl/2021.4.0/lib/cpu_gpu_dpcpp] ==> [/opt/intel/oneapi/ccl/2021.4.0/lib/cpu_gpu_dpcpp]
  collapse library dir [/opt/intel/oneapi/compiler/2021.4.0/linux/bin/intel64/../../compiler/lib/intel64_lin] ==> [/opt/intel/oneapi/compiler/2021.4.0/linux/compiler/lib/intel64_lin]
  collapse library dir [/opt/intel/oneapi/vpl/2021.6.0/lib/../lib/] ==> [/opt/intel/oneapi/vpl/2021.6.0/lib]
  collapse library dir [/opt/intel/oneapi/mpi/2021.4.0//libfabric/lib/../lib/] ==> [/opt/intel/oneapi/mpi/2021.4.0/libfabric/lib]
  collapse library dir [/opt/intel/oneapi/mpi/2021.4.0//lib/../lib/] ==> [/opt/intel/oneapi/mpi/2021.4.0/lib]
  collapse library dir [/opt/intel/oneapi/dnnl/2021.4.0/cpu_dpcpp_gpu_dpcpp/lib/../lib/] ==> [/opt/intel/oneapi/dnnl/2021.4.0/cpu_dpcpp_gpu_dpcpp/lib]
  collapse library dir [/opt/intel/oneapi/compiler/2021.4.0/linux/lib/../lib/] ==> [/opt/intel/oneapi/compiler/2021.4.0/linux/lib]
  collapse library dir [/usr/lib/gcc/x86_64-linux-gnu/7/] ==> [/usr/lib/gcc/x86_64-linux-gnu/7]
  collapse library dir [/usr/lib/gcc/x86_64-linux-gnu/7/../../../x86_64-linux-gnu/] ==> [/usr/lib/x86_64-linux-gnu]
  collapse library dir [/usr/lib/gcc/x86_64-linux-gnu/7/../../../../lib/] ==> [/usr/lib]
  collapse library dir [/lib/x86_64-linux-gnu/] ==> [/lib/x86_64-linux-gnu]
  collapse library dir [/lib/../lib64] ==> [/lib64]
  collapse library dir [/lib/../lib/] ==> [/lib]
  collapse library dir [/usr/lib/x86_64-linux-gnu/] ==> [/usr/lib/x86_64-linux-gnu]
  collapse library dir [/usr/lib/../lib/] ==> [/usr/lib]
  collapse library dir [/opt/intel/oneapi/vpl/2021.6.0/lib/] ==> [/opt/intel/oneapi/vpl/2021.6.0/lib]
  collapse library dir [/opt/intel/oneapi/tbb/2021.4.0/env/../lib/intel64/gcc4.8/] ==> [/opt/intel/oneapi/tbb/2021.4.0/lib/intel64/gcc4.8]
  collapse library dir [/opt/intel/oneapi/mpi/2021.4.0//libfabric/lib/] ==> [/opt/intel/oneapi/mpi/2021.4.0/libfabric/lib]
  collapse library dir [/opt/intel/oneapi/mpi/2021.4.0//lib/release/] ==> [/opt/intel/oneapi/mpi/2021.4.0/lib/release]
  collapse library dir [/opt/intel/oneapi/mpi/2021.4.0//lib/] ==> [/opt/intel/oneapi/mpi/2021.4.0/lib]
  collapse library dir [/opt/intel/oneapi/mkl/2021.4.0/lib/intel64/] ==> [/opt/intel/oneapi/mkl/2021.4.0/lib/intel64]
  collapse library dir [/opt/intel/oneapi/ipp/2021.4.0/lib/intel64/] ==> [/opt/intel/oneapi/ipp/2021.4.0/lib/intel64]
  collapse library dir [/opt/intel/oneapi/ippcp/2021.4.0/lib/intel64/] ==> [/opt/intel/oneapi/ippcp/2021.4.0/lib/intel64]
  collapse library dir [/opt/intel/oneapi/dnnl/2021.4.0/cpu_dpcpp_gpu_dpcpp/lib/] ==> [/opt/intel/oneapi/dnnl/2021.4.0/cpu_dpcpp_gpu_dpcpp/lib]
  collapse library dir [/opt/intel/oneapi/dal/2021.4.0/lib/intel64/] ==> [/opt/intel/oneapi/dal/2021.4.0/lib/intel64]
  collapse library dir [/opt/intel/oneapi/compiler/2021.4.0/linux/compiler/lib/intel64_lin/] ==> [/opt/intel/oneapi/compiler/2021.4.0/linux/compiler/lib/intel64_lin]
  collapse library dir [/opt/intel/oneapi/compiler/2021.4.0/linux/lib/] ==> [/opt/intel/oneapi/compiler/2021.4.0/linux/lib]
  collapse library dir [/opt/intel/oneapi/clck/2021.4.0/lib/intel64/] ==> [/opt/intel/oneapi/clck/2021.4.0/lib/intel64]
  collapse library dir [/opt/intel/oneapi/ccl/2021.4.0/lib/cpu_gpu_dpcpp/] ==> [/opt/intel/oneapi/ccl/2021.4.0/lib/cpu_gpu_dpcpp]
  collapse library dir [/usr/lib/gcc/x86_64-linux-gnu/7/../../../] ==> [/usr/lib]
  collapse library dir [/lib64] ==> [/lib64]
  collapse library dir [/lib/] ==> [/lib]
  collapse library dir [/usr/lib] ==> [/usr/lib]
  implicit libs: [imf;svml;irng;m;ipgo;decimal;iomp5;cilkrts;stdc++;gcc;gcc_s;irc;pthread;svml;c;gcc;gcc_s;irc_s;dl;c]
  implicit dirs: [/opt/intel/oneapi/vpl/2021.6.0/lib;/opt/intel/oneapi/tbb/2021.4.0/lib/intel64/gcc4.8;/opt/intel/oneapi/mpi/2021.4.0/libfabric/lib;/opt/intel/oneapi/mpi/2021.4.0/lib/release;/opt/intel/oneapi/mpi/2021.4.0/lib;/opt/intel/oneapi/mkl/2021.4.0/lib/intel64;/opt/intel/oneapi/ipp/2021.4.0/lib/intel64;/opt/intel/oneapi/ippcp/2021.4.0/lib/intel64;/opt/intel/oneapi/dnnl/2021.4.0/cpu_dpcpp_gpu_dpcpp/lib;/opt/intel/oneapi/dal/2021.4.0/lib/intel64;/opt/intel/oneapi/compiler/2021.4.0/linux/compiler/lib/intel64_lin;/opt/intel/oneapi/compiler/2021.4.0/linux/lib;/opt/intel/oneapi/clck/2021.4.0/lib/intel64;/opt/intel/oneapi/ccl/2021.4.0/lib/cpu_gpu_dpcpp;/usr/lib/gcc/x86_64-linux-gnu/7;/usr/lib/x86_64-linux-gnu;/usr/lib;/lib/x86_64-linux-gnu;/lib64;/lib]
  implicit fwks: []


